2021-25-31 00:25:03.908 [main] INFO  com.solvd.autoservice.Main -  Radius 15 
2021-25-31 00:25:03.912 [main] INFO  com.solvd.autoservice.Main - [Detail{detailName='mirror'}, Detail{detailName='mirror2'}, Detail{detailName='wheel'}]
2021-25-31 00:25:03.912 [main] INFO  com.solvd.autoservice.Main - ID =  1 Regular Client Name = RegularClient{id=1, firstName='Artur', lastName='Hodyakov'}
2021-25-31 00:25:03.913 [main] INFO  com.solvd.autoservice.Main - ID =  2 Regular Client Name = RegularClient{id=2, firstName='John', lastName='Kapustin'}
2021-25-31 00:25:03.913 [main] INFO  com.solvd.autoservice.Main - ID =  3 Regular Client Name = RegularClient{id=3, firstName='David', lastName='Duhovny'}
2021-25-31 00:25:03.913 [main] INFO  com.solvd.autoservice.Main -  John should be displayed RegularClient{id=2, firstName='John', lastName='Kapustin'}
2021-25-31 00:25:03.913 [main] INFO  com.solvd.autoservice.Main -  Is empty false
2021-25-31 00:25:03.913 [main] INFO  com.solvd.autoservice.Main -  Map Size 3
2021-25-31 00:25:03.913 [main] INFO  com.solvd.autoservice.Main -  Map HashCode 120741952
2021-25-31 00:25:03.913 [main] INFO  com.solvd.autoservice.Main -  Linked List First Detail{detailName='wheel'}
2021-25-31 00:25:03.913 [main] INFO  com.solvd.autoservice.Main -  Linked List Last Detail{detailName='mirror2'}
2021-25-31 00:25:03.914 [main] INFO  com.solvd.autoservice.Main -  Client from TreeSet [com.solvd.autoservice.client.IndividualClient@5cdd8682, com.solvd.autoservice.client.IndividualClient@d6da883, com.solvd.autoservice.client.IndividualClient@45afc369, com.solvd.autoservice.client.IndividualClient@5cdd8682, com.solvd.autoservice.client.IndividualClient@5cdd8682, com.solvd.autoservice.client.IndividualClient@45afc369]
2021-25-31 00:25:03.914 [main] INFO  com.solvd.autoservice.Main - [Detail{detailName='mirror'}, Detail{detailName='mirror2'}, Detail{detailName='wheel'}]
2021-25-31 00:25:03.914 [main] INFO  com.solvd.autoservice.Main - 3
2021-25-31 00:25:03.914 [main] INFO  com.solvd.autoservice.Main - false
2021-25-31 00:25:03.915 [main] INFO  com.solvd.autoservice.Main - [ Vin Code yegfugiu3678765; CarBrand Mercedes CarModel S class w223,  Capacity Volume Body  null; CarBrand Gaz CarModel 66,  CarBrand Harley Davidson CarModel Iron 833]
2021-25-31 00:25:03.916 [main] INFO  com.solvd.autoservice.Main -  Vin Code yegfugiu3678765; CarBrand Mercedes CarModel S class w223
2021-25-31 00:25:03.916 [main] INFO  com.solvd.autoservice.Main -  Capacity Volume Body  null; CarBrand Gaz CarModel 66
2021-25-31 00:25:03.916 [main] INFO  com.solvd.autoservice.autoservice.Order -  List of details: 
 
2021-25-31 00:25:03.916 [main] INFO  com.solvd.autoservice.autoservice.Order -  Name mirror Price 233

2021-25-31 00:25:03.916 [main] INFO  com.solvd.autoservice.autoservice.Order -  Name mirror2 Price 233

2021-25-31 00:25:03.917 [main] INFO  com.solvd.autoservice.autoservice.Order -  Name wheel Price 100

2021-25-31 00:25:03.917 [main] INFO  com.solvd.autoservice.autoservice.AutoService -  Storage Number  0
2021-25-31 00:25:03.918 [main] INFO  com.solvd.autoservice.Main -  Get max speed minivan 180
2021-25-31 00:25:03.918 [main] INFO  com.solvd.autoservice.Main -  Get max speed minivan 200
2021-25-31 00:25:03.921 [main] INFO  com.solvd.autoservice.Main -  Order can be completed Sun Oct 31 02:25:03 MSK 2021
2021-25-31 00:25:03.922 [main] INFO  com.solvd.autoservice.Main -  Sum of the order 566
2021-25-31 00:25:03.922 [main] INFO  com.solvd.autoservice.Main -  Client size 6
2021-25-31 00:25:03.922 [main] INFO  com.solvd.autoservice.Main -  Details wheel mirror mirror2
2021-25-31 00:25:03.922 [main] INFO  com.solvd.autoservice.Main -  Will the order be completed?  true
2021-25-31 00:25:03.923 [main] INFO  com.solvd.autoservice.Main -  Wrong Storage number
2021-25-31 00:25:03.923 [main] INFO  com.solvd.autoservice.Main -  Finally 
2021-26-31 00:26:31.122 [main] INFO  com.solvd.autoservice.Main -  Radius 15 
2021-26-31 00:26:31.124 [main] INFO  com.solvd.autoservice.Main - R15
2021-26-31 00:26:31.125 [main] INFO  com.solvd.autoservice.Main - [Lcom.solvd.autoservice.detail.Wheel;@6cc7b4de
2021-26-31 00:26:31.125 [main] INFO  com.solvd.autoservice.Main - [Detail{detailName='mirror'}, Detail{detailName='mirror2'}, Detail{detailName='wheel'}]
2021-26-31 00:26:31.126 [main] INFO  com.solvd.autoservice.Main - ID =  1 Regular Client Name = RegularClient{id=1, firstName='Artur', lastName='Hodyakov'}
2021-26-31 00:26:31.126 [main] INFO  com.solvd.autoservice.Main - ID =  2 Regular Client Name = RegularClient{id=2, firstName='John', lastName='Kapustin'}
2021-26-31 00:26:31.126 [main] INFO  com.solvd.autoservice.Main - ID =  3 Regular Client Name = RegularClient{id=3, firstName='David', lastName='Duhovny'}
2021-26-31 00:26:31.126 [main] INFO  com.solvd.autoservice.Main -  John should be displayed RegularClient{id=2, firstName='John', lastName='Kapustin'}
2021-26-31 00:26:31.126 [main] INFO  com.solvd.autoservice.Main -  Is empty false
2021-26-31 00:26:31.126 [main] INFO  com.solvd.autoservice.Main -  Map Size 3
2021-26-31 00:26:31.126 [main] INFO  com.solvd.autoservice.Main -  Map HashCode -146263580
2021-26-31 00:26:31.126 [main] INFO  com.solvd.autoservice.Main -  Linked List First Detail{detailName='wheel'}
2021-26-31 00:26:31.126 [main] INFO  com.solvd.autoservice.Main -  Linked List Last Detail{detailName='mirror2'}
2021-26-31 00:26:31.127 [main] INFO  com.solvd.autoservice.Main -  Client from TreeSet [com.solvd.autoservice.client.IndividualClient@d6da883, com.solvd.autoservice.client.IndividualClient@45afc369, com.solvd.autoservice.client.IndividualClient@799d4f69, com.solvd.autoservice.client.IndividualClient@d6da883, com.solvd.autoservice.client.IndividualClient@d6da883, com.solvd.autoservice.client.IndividualClient@799d4f69]
2021-26-31 00:26:31.127 [main] INFO  com.solvd.autoservice.Main - [Detail{detailName='mirror'}, Detail{detailName='mirror2'}, Detail{detailName='wheel'}]
2021-26-31 00:26:31.127 [main] INFO  com.solvd.autoservice.Main - 3
2021-26-31 00:26:31.127 [main] INFO  com.solvd.autoservice.Main - false
2021-26-31 00:26:31.127 [main] INFO  com.solvd.autoservice.Main - [ Vin Code yegfugiu3678765; CarBrand Mercedes CarModel S class w223,  Capacity Volume Body  null; CarBrand Gaz CarModel 66,  CarBrand Harley Davidson CarModel Iron 833]
2021-26-31 00:26:31.128 [main] INFO  com.solvd.autoservice.Main -  Vin Code yegfugiu3678765; CarBrand Mercedes CarModel S class w223
2021-26-31 00:26:31.128 [main] INFO  com.solvd.autoservice.Main -  Capacity Volume Body  null; CarBrand Gaz CarModel 66
2021-26-31 00:26:31.129 [main] INFO  com.solvd.autoservice.autoservice.Order -  List of details: 
 
2021-26-31 00:26:31.129 [main] INFO  com.solvd.autoservice.autoservice.Order -  Name mirror Price 233

2021-26-31 00:26:31.129 [main] INFO  com.solvd.autoservice.autoservice.Order -  Name mirror2 Price 233

2021-26-31 00:26:31.129 [main] INFO  com.solvd.autoservice.autoservice.Order -  Name wheel Price 100

2021-26-31 00:26:31.129 [main] INFO  com.solvd.autoservice.autoservice.AutoService -  Storage Number  0
2021-26-31 00:26:31.130 [main] INFO  com.solvd.autoservice.Main -  Get max speed minivan 180
2021-26-31 00:26:31.130 [main] INFO  com.solvd.autoservice.Main -  Get max speed minivan 200
2021-26-31 00:26:31.132 [main] INFO  com.solvd.autoservice.Main -  Order can be completed Sun Oct 31 02:26:31 MSK 2021
2021-26-31 00:26:31.132 [main] INFO  com.solvd.autoservice.Main -  Sum of the order 566
2021-26-31 00:26:31.132 [main] INFO  com.solvd.autoservice.Main -  Client size 6
2021-26-31 00:26:31.132 [main] INFO  com.solvd.autoservice.Main -  Details wheel mirror mirror2
2021-26-31 00:26:31.132 [main] INFO  com.solvd.autoservice.Main -  Will the order be completed?  true
2021-26-31 00:26:31.133 [main] INFO  com.solvd.autoservice.Main -  Wrong Storage number
2021-26-31 00:26:31.133 [main] INFO  com.solvd.autoservice.Main -  Finally 
2021-27-31 00:27:37.451 [main] INFO  com.solvd.autoservice.Main -  Radius 15 
2021-27-31 00:27:37.452 [main] INFO  com.solvd.autoservice.Main - R15
2021-27-31 00:27:37.453 [main] INFO  com.solvd.autoservice.Main - [Lcom.solvd.autoservice.detail.Wheel;@6cc7b4de
2021-27-31 00:27:37.453 [main] INFO  com.solvd.autoservice.Main - [Lcom.solvd.autoservice.detail.Wheel;@32cf48b7
2021-27-31 00:27:37.453 [main] INFO  com.solvd.autoservice.Main - [Detail{detailName='mirror'}, Detail{detailName='mirror2'}, Detail{detailName='wheel'}]
2021-27-31 00:27:37.454 [main] INFO  com.solvd.autoservice.Main - ID =  1 Regular Client Name = RegularClient{id=1, firstName='Artur', lastName='Hodyakov'}
2021-27-31 00:27:37.454 [main] INFO  com.solvd.autoservice.Main - ID =  2 Regular Client Name = RegularClient{id=2, firstName='John', lastName='Kapustin'}
2021-27-31 00:27:37.454 [main] INFO  com.solvd.autoservice.Main - ID =  3 Regular Client Name = RegularClient{id=3, firstName='David', lastName='Duhovny'}
2021-27-31 00:27:37.454 [main] INFO  com.solvd.autoservice.Main -  John should be displayed RegularClient{id=2, firstName='John', lastName='Kapustin'}
2021-27-31 00:27:37.454 [main] INFO  com.solvd.autoservice.Main -  Is empty false
2021-27-31 00:27:37.454 [main] INFO  com.solvd.autoservice.Main -  Map Size 3
2021-27-31 00:27:37.454 [main] INFO  com.solvd.autoservice.Main -  Map HashCode -773418578
2021-27-31 00:27:37.455 [main] INFO  com.solvd.autoservice.Main -  Linked List First Detail{detailName='wheel'}
2021-27-31 00:27:37.455 [main] INFO  com.solvd.autoservice.Main -  Linked List Last Detail{detailName='mirror2'}
2021-27-31 00:27:37.455 [main] INFO  com.solvd.autoservice.Main -  Client from TreeSet [com.solvd.autoservice.client.IndividualClient@45afc369, com.solvd.autoservice.client.IndividualClient@799d4f69, com.solvd.autoservice.client.IndividualClient@49c43f4e, com.solvd.autoservice.client.IndividualClient@45afc369, com.solvd.autoservice.client.IndividualClient@45afc369, com.solvd.autoservice.client.IndividualClient@49c43f4e]
2021-27-31 00:27:37.455 [main] INFO  com.solvd.autoservice.Main - [Detail{detailName='mirror'}, Detail{detailName='mirror2'}, Detail{detailName='wheel'}]
2021-27-31 00:27:37.455 [main] INFO  com.solvd.autoservice.Main - 3
2021-27-31 00:27:37.455 [main] INFO  com.solvd.autoservice.Main - false
2021-27-31 00:27:37.456 [main] INFO  com.solvd.autoservice.Main - [ Vin Code yegfugiu3678765; CarBrand Mercedes CarModel S class w223,  Capacity Volume Body  null; CarBrand Gaz CarModel 66,  CarBrand Harley Davidson CarModel Iron 833]
2021-27-31 00:27:37.457 [main] INFO  com.solvd.autoservice.Main -  Vin Code yegfugiu3678765; CarBrand Mercedes CarModel S class w223
2021-27-31 00:27:37.457 [main] INFO  com.solvd.autoservice.Main -  Capacity Volume Body  null; CarBrand Gaz CarModel 66
2021-27-31 00:27:37.457 [main] INFO  com.solvd.autoservice.autoservice.Order -  List of details: 
 
2021-27-31 00:27:37.457 [main] INFO  com.solvd.autoservice.autoservice.Order -  Name mirror Price 233

2021-27-31 00:27:37.457 [main] INFO  com.solvd.autoservice.autoservice.Order -  Name mirror2 Price 233

2021-27-31 00:27:37.457 [main] INFO  com.solvd.autoservice.autoservice.Order -  Name wheel Price 100

2021-27-31 00:27:37.458 [main] INFO  com.solvd.autoservice.autoservice.AutoService -  Storage Number  0
2021-27-31 00:27:37.458 [main] INFO  com.solvd.autoservice.Main -  Get max speed minivan 180
2021-27-31 00:27:37.458 [main] INFO  com.solvd.autoservice.Main -  Get max speed minivan 200
2021-27-31 00:27:37.460 [main] INFO  com.solvd.autoservice.Main -  Order can be completed Sun Oct 31 02:27:37 MSK 2021
2021-27-31 00:27:37.460 [main] INFO  com.solvd.autoservice.Main -  Sum of the order 566
2021-27-31 00:27:37.461 [main] INFO  com.solvd.autoservice.Main -  Client size 6
2021-27-31 00:27:37.461 [main] INFO  com.solvd.autoservice.Main -  Details wheel mirror mirror2
2021-27-31 00:27:37.461 [main] INFO  com.solvd.autoservice.Main -  Will the order be completed?  true
2021-27-31 00:27:37.461 [main] INFO  com.solvd.autoservice.Main -  Wrong Storage number
2021-27-31 00:27:37.461 [main] INFO  com.solvd.autoservice.Main -  Finally 
2021-29-31 00:29:14.062 [main] INFO  com.solvd.autoservice.Main -  Radius 15 
2021-29-31 00:29:14.065 [main] INFO  com.solvd.autoservice.Main - R15
2021-29-31 00:29:14.065 [main] INFO  com.solvd.autoservice.Main - R15
2021-29-31 00:29:14.066 [main] INFO  com.solvd.autoservice.Main - R17
2021-29-31 00:29:14.067 [main] INFO  com.solvd.autoservice.Main - [Detail{detailName='mirror'}, Detail{detailName='mirror2'}, Detail{detailName='wheel'}]
2021-29-31 00:29:14.067 [main] INFO  com.solvd.autoservice.Main - ID =  1 Regular Client Name = RegularClient{id=1, firstName='Artur', lastName='Hodyakov'}
2021-29-31 00:29:14.068 [main] INFO  com.solvd.autoservice.Main - ID =  2 Regular Client Name = RegularClient{id=2, firstName='John', lastName='Kapustin'}
2021-29-31 00:29:14.068 [main] INFO  com.solvd.autoservice.Main - ID =  3 Regular Client Name = RegularClient{id=3, firstName='David', lastName='Duhovny'}
2021-29-31 00:29:14.068 [main] INFO  com.solvd.autoservice.Main -  John should be displayed RegularClient{id=2, firstName='John', lastName='Kapustin'}
2021-29-31 00:29:14.068 [main] INFO  com.solvd.autoservice.Main -  Is empty false
2021-29-31 00:29:14.068 [main] INFO  com.solvd.autoservice.Main -  Map Size 3
2021-29-31 00:29:14.068 [main] INFO  com.solvd.autoservice.Main -  Map HashCode 120741952
2021-29-31 00:29:14.069 [main] INFO  com.solvd.autoservice.Main -  Linked List First Detail{detailName='wheel'}
2021-29-31 00:29:14.069 [main] INFO  com.solvd.autoservice.Main -  Linked List Last Detail{detailName='mirror2'}
2021-29-31 00:29:14.069 [main] INFO  com.solvd.autoservice.Main -  Client from TreeSet [com.solvd.autoservice.client.IndividualClient@5cdd8682, com.solvd.autoservice.client.IndividualClient@d6da883, com.solvd.autoservice.client.IndividualClient@45afc369, com.solvd.autoservice.client.IndividualClient@5cdd8682, com.solvd.autoservice.client.IndividualClient@5cdd8682, com.solvd.autoservice.client.IndividualClient@45afc369]
2021-29-31 00:29:14.069 [main] INFO  com.solvd.autoservice.Main - [Detail{detailName='mirror'}, Detail{detailName='mirror2'}, Detail{detailName='wheel'}]
2021-29-31 00:29:14.070 [main] INFO  com.solvd.autoservice.Main - 3
2021-29-31 00:29:14.070 [main] INFO  com.solvd.autoservice.Main - false
2021-29-31 00:29:14.070 [main] INFO  com.solvd.autoservice.Main - [ Vin Code yegfugiu3678765; CarBrand Mercedes CarModel S class w223,  Capacity Volume Body  null; CarBrand Gaz CarModel 66,  CarBrand Harley Davidson CarModel Iron 833]
2021-29-31 00:29:14.071 [main] INFO  com.solvd.autoservice.Main -  Vin Code yegfugiu3678765; CarBrand Mercedes CarModel S class w223
2021-29-31 00:29:14.072 [main] INFO  com.solvd.autoservice.Main -  Capacity Volume Body  null; CarBrand Gaz CarModel 66
2021-29-31 00:29:14.072 [main] INFO  com.solvd.autoservice.autoservice.Order -  List of details: 
 
2021-29-31 00:29:14.072 [main] INFO  com.solvd.autoservice.autoservice.Order -  Name mirror Price 233

2021-29-31 00:29:14.072 [main] INFO  com.solvd.autoservice.autoservice.Order -  Name mirror2 Price 233

2021-29-31 00:29:14.072 [main] INFO  com.solvd.autoservice.autoservice.Order -  Name wheel Price 100

2021-29-31 00:29:14.073 [main] INFO  com.solvd.autoservice.autoservice.AutoService -  Storage Number  0
2021-29-31 00:29:14.073 [main] INFO  com.solvd.autoservice.Main -  Get max speed minivan 180
2021-29-31 00:29:14.073 [main] INFO  com.solvd.autoservice.Main -  Get max speed minivan 200
2021-29-31 00:29:14.076 [main] INFO  com.solvd.autoservice.Main -  Order can be completed Sun Oct 31 02:29:14 MSK 2021
2021-29-31 00:29:14.076 [main] INFO  com.solvd.autoservice.Main -  Sum of the order 566
2021-29-31 00:29:14.076 [main] INFO  com.solvd.autoservice.Main -  Client size 6
2021-29-31 00:29:14.076 [main] INFO  com.solvd.autoservice.Main -  Details wheel mirror mirror2
2021-29-31 00:29:14.076 [main] INFO  com.solvd.autoservice.Main -  Will the order be completed?  true
2021-29-31 00:29:14.077 [main] INFO  com.solvd.autoservice.Main -  Wrong Storage number
2021-29-31 00:29:14.077 [main] INFO  com.solvd.autoservice.Main -  Finally 
2021-02-31 13:02:53.340 [main] INFO  com.solvd.autoservice.Main -  Radius 15 
2021-02-31 13:02:53.342 [main] INFO  com.solvd.autoservice.Main - R15
2021-02-31 13:02:53.342 [main] INFO  com.solvd.autoservice.Main - R15
2021-02-31 13:02:53.342 [main] INFO  com.solvd.autoservice.Main - R17
2021-02-31 13:02:53.343 [main] INFO  com.solvd.autoservice.Main - null
2021-02-31 13:02:53.343 [main] INFO  com.solvd.autoservice.Main - [Detail{detailName='mirror'}, Detail{detailName='mirror2'}, Detail{detailName='wheel'}]
2021-02-31 13:02:53.344 [main] INFO  com.solvd.autoservice.Main - ID =  1 Regular Client Name = RegularClient{id=1, firstName='Artur', lastName='Hodyakov'}
2021-02-31 13:02:53.344 [main] INFO  com.solvd.autoservice.Main - ID =  2 Regular Client Name = RegularClient{id=2, firstName='John', lastName='Kapustin'}
2021-02-31 13:02:53.344 [main] INFO  com.solvd.autoservice.Main - ID =  3 Regular Client Name = RegularClient{id=3, firstName='David', lastName='Duhovny'}
2021-02-31 13:02:53.344 [main] INFO  com.solvd.autoservice.Main -  John should be displayed RegularClient{id=2, firstName='John', lastName='Kapustin'}
2021-02-31 13:02:53.345 [main] INFO  com.solvd.autoservice.Main -  Is empty false
2021-02-31 13:02:53.345 [main] INFO  com.solvd.autoservice.Main -  Map Size 3
2021-02-31 13:02:53.345 [main] INFO  com.solvd.autoservice.Main -  Map HashCode 120741952
2021-02-31 13:02:53.345 [main] INFO  com.solvd.autoservice.Main -  Linked List First Detail{detailName='wheel'}
2021-02-31 13:02:53.345 [main] INFO  com.solvd.autoservice.Main -  Linked List Last Detail{detailName='mirror2'}
2021-02-31 13:02:53.346 [main] INFO  com.solvd.autoservice.Main -  Client from TreeSet [com.solvd.autoservice.client.IndividualClient@5cdd8682, com.solvd.autoservice.client.IndividualClient@d6da883, com.solvd.autoservice.client.IndividualClient@45afc369, com.solvd.autoservice.client.IndividualClient@5cdd8682, com.solvd.autoservice.client.IndividualClient@5cdd8682, com.solvd.autoservice.client.IndividualClient@45afc369]
2021-02-31 13:02:53.346 [main] INFO  com.solvd.autoservice.Main - [Detail{detailName='mirror'}, Detail{detailName='mirror2'}, Detail{detailName='wheel'}]
2021-02-31 13:02:53.346 [main] INFO  com.solvd.autoservice.Main - 3
2021-02-31 13:02:53.346 [main] INFO  com.solvd.autoservice.Main - false
2021-02-31 13:02:53.347 [main] INFO  com.solvd.autoservice.Main - [ Vin Code yegfugiu3678765; CarBrand Mercedes CarModel S class w223,  Capacity Volume Body  null; CarBrand Gaz CarModel 66,  CarBrand Harley Davidson CarModel Iron 833]
2021-02-31 13:02:53.348 [main] INFO  com.solvd.autoservice.Main -  Vin Code yegfugiu3678765; CarBrand Mercedes CarModel S class w223
2021-02-31 13:02:53.348 [main] INFO  com.solvd.autoservice.Main -  Capacity Volume Body  null; CarBrand Gaz CarModel 66
2021-02-31 13:02:53.348 [main] INFO  com.solvd.autoservice.autoservice.Order -  List of details: 
 
2021-02-31 13:02:53.348 [main] INFO  com.solvd.autoservice.autoservice.Order -  Name mirror Price 233

2021-02-31 13:02:53.349 [main] INFO  com.solvd.autoservice.autoservice.Order -  Name mirror2 Price 233

2021-02-31 13:02:53.349 [main] INFO  com.solvd.autoservice.autoservice.Order -  Name wheel Price 100

2021-02-31 13:02:53.349 [main] INFO  com.solvd.autoservice.autoservice.AutoService -  Storage Number  0
2021-02-31 13:02:53.350 [main] INFO  com.solvd.autoservice.Main -  Get max speed minivan 180
2021-02-31 13:02:53.350 [main] INFO  com.solvd.autoservice.Main -  Get max speed minivan 200
2021-02-31 13:02:53.354 [main] INFO  com.solvd.autoservice.Main -  Order can be completed Sun Oct 31 15:02:53 MSK 2021
2021-02-31 13:02:53.354 [main] INFO  com.solvd.autoservice.Main -  Sum of the order 566
2021-02-31 13:02:53.354 [main] INFO  com.solvd.autoservice.Main -  Client size 6
2021-02-31 13:02:53.354 [main] INFO  com.solvd.autoservice.Main -  Details wheel mirror mirror2
2021-02-31 13:02:53.354 [main] INFO  com.solvd.autoservice.Main -  Will the order be completed?  true
2021-02-31 13:02:53.355 [main] INFO  com.solvd.autoservice.Main -  Wrong Storage number
2021-02-31 13:02:53.355 [main] INFO  com.solvd.autoservice.Main -  Finally 
2021-59-31 13:59:52.853 [main] INFO  com.solvd.autoservice.Main -  Radius 15 
2021-59-31 13:59:52.855 [main] INFO  com.solvd.autoservice.Main - R15
2021-59-31 13:59:52.856 [main] INFO  com.solvd.autoservice.Main - R15
2021-59-31 13:59:52.856 [main] INFO  com.solvd.autoservice.Main - R17
2021-59-31 13:59:52.856 [main] INFO  com.solvd.autoservice.Main - null
2021-59-31 13:59:52.856 [main] INFO  com.solvd.autoservice.Main -  Wheel radius - 17 
2021-59-31 13:59:52.857 [main] INFO  com.solvd.autoservice.Main - [Detail{detailName='mirror'}, Detail{detailName='mirror2'}, Detail{detailName='wheel'}]
2021-59-31 13:59:52.857 [main] INFO  com.solvd.autoservice.Main - ID =  1 Regular Client Name = RegularClient{id=1, firstName='Artur', lastName='Hodyakov'}
2021-59-31 13:59:52.857 [main] INFO  com.solvd.autoservice.Main - ID =  2 Regular Client Name = RegularClient{id=2, firstName='John', lastName='Kapustin'}
2021-59-31 13:59:52.858 [main] INFO  com.solvd.autoservice.Main - ID =  3 Regular Client Name = RegularClient{id=3, firstName='David', lastName='Duhovny'}
2021-59-31 13:59:52.858 [main] INFO  com.solvd.autoservice.Main -  John should be displayed RegularClient{id=2, firstName='John', lastName='Kapustin'}
2021-59-31 13:59:52.858 [main] INFO  com.solvd.autoservice.Main -  Is empty false
2021-59-31 13:59:52.858 [main] INFO  com.solvd.autoservice.Main -  Map Size 3
2021-59-31 13:59:52.858 [main] INFO  com.solvd.autoservice.Main -  Map HashCode 120741952
2021-59-31 13:59:52.858 [main] INFO  com.solvd.autoservice.Main -  Linked List First Detail{detailName='wheel'}
2021-59-31 13:59:52.858 [main] INFO  com.solvd.autoservice.Main -  Linked List Last Detail{detailName='mirror2'}
2021-59-31 13:59:52.859 [main] INFO  com.solvd.autoservice.Main -  Client from TreeSet [com.solvd.autoservice.client.IndividualClient@5cdd8682, com.solvd.autoservice.client.IndividualClient@d6da883, com.solvd.autoservice.client.IndividualClient@45afc369, com.solvd.autoservice.client.IndividualClient@5cdd8682, com.solvd.autoservice.client.IndividualClient@5cdd8682, com.solvd.autoservice.client.IndividualClient@45afc369]
2021-59-31 13:59:52.859 [main] INFO  com.solvd.autoservice.Main - [Detail{detailName='mirror'}, Detail{detailName='mirror2'}, Detail{detailName='wheel'}]
2021-59-31 13:59:52.859 [main] INFO  com.solvd.autoservice.Main - 3
2021-59-31 13:59:52.859 [main] INFO  com.solvd.autoservice.Main - false
2021-59-31 13:59:52.859 [main] INFO  com.solvd.autoservice.Main - [ Vin Code yegfugiu3678765; CarBrand Mercedes CarModel S class w223,  Capacity Volume Body  null; CarBrand Gaz CarModel 66,  CarBrand Harley Davidson CarModel Iron 833]
2021-59-31 13:59:52.860 [main] INFO  com.solvd.autoservice.Main -  Vin Code yegfugiu3678765; CarBrand Mercedes CarModel S class w223
2021-59-31 13:59:52.860 [main] INFO  com.solvd.autoservice.Main -  Capacity Volume Body  null; CarBrand Gaz CarModel 66
2021-59-31 13:59:52.860 [main] INFO  com.solvd.autoservice.autoservice.Order -  List of details: 
 
2021-59-31 13:59:52.861 [main] INFO  com.solvd.autoservice.autoservice.Order -  Name mirror Price 233

2021-59-31 13:59:52.861 [main] INFO  com.solvd.autoservice.autoservice.Order -  Name mirror2 Price 233

2021-59-31 13:59:52.861 [main] INFO  com.solvd.autoservice.autoservice.Order -  Name wheel Price 100

2021-59-31 13:59:52.861 [main] INFO  com.solvd.autoservice.autoservice.AutoService -  Storage Number  0
2021-59-31 13:59:52.862 [main] INFO  com.solvd.autoservice.Main -  Get max speed minivan 180
2021-59-31 13:59:52.862 [main] INFO  com.solvd.autoservice.Main -  Get max speed minivan 200
2021-59-31 13:59:52.864 [main] INFO  com.solvd.autoservice.Main -  Order can be completed Sun Oct 31 15:59:52 MSK 2021
2021-59-31 13:59:52.864 [main] INFO  com.solvd.autoservice.Main -  Sum of the order 566
2021-59-31 13:59:52.865 [main] INFO  com.solvd.autoservice.Main -  Client size 6
2021-59-31 13:59:52.865 [main] INFO  com.solvd.autoservice.Main -  Details wheel mirror mirror2
2021-59-31 13:59:52.865 [main] INFO  com.solvd.autoservice.Main -  Will the order be completed?  true
2021-59-31 13:59:52.865 [main] INFO  com.solvd.autoservice.Main -  Wrong Storage number
2021-59-31 13:59:52.865 [main] INFO  com.solvd.autoservice.Main -  Finally 
2021-43-31 16:43:46.996 [main] INFO  com.solvd.autoservice.Main -  Radius 15 
2021-43-31 16:43:46.999 [main] INFO  com.solvd.autoservice.Main - R15
2021-43-31 16:43:46.999 [main] INFO  com.solvd.autoservice.Main - R15
2021-43-31 16:43:46.999 [main] INFO  com.solvd.autoservice.Main - R17
2021-43-31 16:43:47.000 [main] INFO  com.solvd.autoservice.Main - null
2021-43-31 16:43:47.000 [main] INFO  com.solvd.autoservice.Main -  Wheel radius - 17 
2021-43-31 16:43:47.001 [main] INFO  com.solvd.autoservice.Main -  BMW 
2021-43-31 16:43:47.001 [main] INFO  com.solvd.autoservice.Main - [Detail{detailName='mirror'}, Detail{detailName='mirror2'}, Detail{detailName='wheel'}]
2021-43-31 16:43:47.002 [main] INFO  com.solvd.autoservice.Main - ID =  1 Regular Client Name = RegularClient{id=1, firstName='Artur', lastName='Hodyakov'}
2021-43-31 16:43:47.002 [main] INFO  com.solvd.autoservice.Main - ID =  2 Regular Client Name = RegularClient{id=2, firstName='John', lastName='Kapustin'}
2021-43-31 16:43:47.002 [main] INFO  com.solvd.autoservice.Main - ID =  3 Regular Client Name = RegularClient{id=3, firstName='David', lastName='Duhovny'}
2021-43-31 16:43:47.002 [main] INFO  com.solvd.autoservice.Main -  John should be displayed RegularClient{id=2, firstName='John', lastName='Kapustin'}
2021-43-31 16:43:47.002 [main] INFO  com.solvd.autoservice.Main -  Is empty false
2021-43-31 16:43:47.002 [main] INFO  com.solvd.autoservice.Main -  Map Size 3
2021-43-31 16:43:47.002 [main] INFO  com.solvd.autoservice.Main -  Map HashCode 120741952
2021-43-31 16:43:47.003 [main] INFO  com.solvd.autoservice.Main -  Linked List First Detail{detailName='wheel'}
2021-43-31 16:43:47.003 [main] INFO  com.solvd.autoservice.Main -  Linked List Last Detail{detailName='mirror2'}
2021-43-31 16:43:47.003 [main] INFO  com.solvd.autoservice.Main -  Client from TreeSet [com.solvd.autoservice.client.IndividualClient@5cdd8682, com.solvd.autoservice.client.IndividualClient@d6da883, com.solvd.autoservice.client.IndividualClient@45afc369, com.solvd.autoservice.client.IndividualClient@5cdd8682, com.solvd.autoservice.client.IndividualClient@5cdd8682, com.solvd.autoservice.client.IndividualClient@45afc369]
2021-43-31 16:43:47.003 [main] INFO  com.solvd.autoservice.Main - [Detail{detailName='mirror'}, Detail{detailName='mirror2'}, Detail{detailName='wheel'}]
2021-43-31 16:43:47.003 [main] INFO  com.solvd.autoservice.Main - 3
2021-43-31 16:43:47.003 [main] INFO  com.solvd.autoservice.Main - false
2021-43-31 16:43:47.004 [main] INFO  com.solvd.autoservice.Main - [ Vin Code yegfugiu3678765; CarBrand Mercedes CarModel S class w223,  Capacity Volume Body  null; CarBrand Gaz CarModel 66,  CarBrand Harley Davidson CarModel Iron 833]
2021-43-31 16:43:47.005 [main] INFO  com.solvd.autoservice.Main -  Vin Code yegfugiu3678765; CarBrand Mercedes CarModel S class w223
2021-43-31 16:43:47.005 [main] INFO  com.solvd.autoservice.Main -  Capacity Volume Body  null; CarBrand Gaz CarModel 66
2021-43-31 16:43:47.005 [main] INFO  com.solvd.autoservice.autoservice.Order -  List of details: 
 
2021-43-31 16:43:47.005 [main] INFO  com.solvd.autoservice.autoservice.Order -  Name mirror Price 233

2021-43-31 16:43:47.005 [main] INFO  com.solvd.autoservice.autoservice.Order -  Name mirror2 Price 233

2021-43-31 16:43:47.005 [main] INFO  com.solvd.autoservice.autoservice.Order -  Name wheel Price 100

2021-43-31 16:43:47.006 [main] INFO  com.solvd.autoservice.autoservice.AutoService -  Storage Number  0
2021-43-31 16:43:47.006 [main] INFO  com.solvd.autoservice.Main -  Get max speed minivan 180
2021-43-31 16:43:47.006 [main] INFO  com.solvd.autoservice.Main -  Get max speed minivan 200
2021-43-31 16:43:47.009 [main] INFO  com.solvd.autoservice.Main -  Order can be completed Sun Oct 31 18:43:47 MSK 2021
2021-43-31 16:43:47.009 [main] INFO  com.solvd.autoservice.Main -  Sum of the order 566
2021-43-31 16:43:47.009 [main] INFO  com.solvd.autoservice.Main -  Client size 6
2021-43-31 16:43:47.009 [main] INFO  com.solvd.autoservice.Main -  Details wheel mirror mirror2
2021-43-31 16:43:47.009 [main] INFO  com.solvd.autoservice.Main -  Will the order be completed?  true
2021-43-31 16:43:47.010 [main] INFO  com.solvd.autoservice.Main -  Wrong Storage number
2021-43-31 16:43:47.010 [main] INFO  com.solvd.autoservice.Main -  Finally 
2021-19-31 17:19:54.761 [main] INFO  com.solvd.autoservice.Main -  Radius 15 
2021-19-31 17:19:54.763 [main] INFO  com.solvd.autoservice.Main - R15
2021-19-31 17:19:54.763 [main] INFO  com.solvd.autoservice.Main - R15
2021-19-31 17:19:54.763 [main] INFO  com.solvd.autoservice.Main - R17
2021-19-31 17:19:54.764 [main] INFO  com.solvd.autoservice.Main - null
2021-19-31 17:19:54.764 [main] INFO  com.solvd.autoservice.Main -  Wheel radius - 17 
2021-23-31 17:23:15.293 [main] INFO  com.solvd.autoservice.Main -  Radius 15 
2021-23-31 17:23:15.295 [main] INFO  com.solvd.autoservice.Main - R15
2021-23-31 17:23:15.295 [main] INFO  com.solvd.autoservice.Main - R15
2021-23-31 17:23:15.295 [main] INFO  com.solvd.autoservice.Main - R17
2021-23-31 17:23:15.296 [main] INFO  com.solvd.autoservice.Main - null
2021-23-31 17:23:15.296 [main] INFO  com.solvd.autoservice.Main -  Wheel radius - 17 
2021-25-31 17:25:11.213 [main] INFO  com.solvd.autoservice.Main -  Radius 15 
2021-25-31 17:25:11.215 [main] INFO  com.solvd.autoservice.Main - R15
2021-25-31 17:25:11.215 [main] INFO  com.solvd.autoservice.Main - R15
2021-25-31 17:25:11.215 [main] INFO  com.solvd.autoservice.Main - R17
2021-25-31 17:25:11.215 [main] INFO  com.solvd.autoservice.Main - null
2021-25-31 17:25:11.215 [main] INFO  com.solvd.autoservice.Main -  Wheel radius - 17 
2021-27-31 17:27:29.027 [main] INFO  com.solvd.autoservice.Main -  Radius 15 
2021-27-31 17:27:29.029 [main] INFO  com.solvd.autoservice.Main - R15
2021-27-31 17:27:29.029 [main] INFO  com.solvd.autoservice.Main - R15
2021-27-31 17:27:29.030 [main] INFO  com.solvd.autoservice.Main - R17
2021-27-31 17:27:29.030 [main] INFO  com.solvd.autoservice.Main - null
2021-27-31 17:27:29.030 [main] INFO  com.solvd.autoservice.Main -  Wheel radius - 17 
2021-30-31 17:30:04.482 [main] INFO  com.solvd.autoservice.Main -  Radius 15 
2021-30-31 17:30:04.484 [main] INFO  com.solvd.autoservice.Main - R15
2021-30-31 17:30:04.484 [main] INFO  com.solvd.autoservice.Main - R15
2021-30-31 17:30:04.484 [main] INFO  com.solvd.autoservice.Main - R17
2021-30-31 17:30:04.484 [main] INFO  com.solvd.autoservice.Main - null
2021-30-31 17:30:04.484 [main] INFO  com.solvd.autoservice.Main -  Wheel radius - 17 
2021-04-31 18:04:01.929 [main] INFO  com.solvd.autoservice.Main -  Radius 15 
2021-04-31 18:04:01.931 [main] INFO  com.solvd.autoservice.Main - R15
2021-04-31 18:04:01.931 [main] INFO  com.solvd.autoservice.Main - R15
2021-04-31 18:04:01.931 [main] INFO  com.solvd.autoservice.Main - R17
2021-04-31 18:04:01.932 [main] INFO  com.solvd.autoservice.Main - null
2021-04-31 18:04:01.932 [main] INFO  com.solvd.autoservice.Main -  Wheel radius - 17 
2021-07-31 18:07:21.678 [main] INFO  com.solvd.autoservice.Main -  Radius 15 
2021-07-31 18:07:21.681 [main] INFO  com.solvd.autoservice.Main - R15
2021-07-31 18:07:21.681 [main] INFO  com.solvd.autoservice.Main - R15
2021-07-31 18:07:21.681 [main] INFO  com.solvd.autoservice.Main - R17
2021-07-31 18:07:21.681 [main] INFO  com.solvd.autoservice.Main - null
2021-07-31 18:07:21.681 [main] INFO  com.solvd.autoservice.Main -  Wheel radius - 17 
2021-10-31 18:10:01.062 [main] INFO  com.solvd.autoservice.Main -  Radius 15 
2021-10-31 18:10:01.065 [main] INFO  com.solvd.autoservice.Main - R15
2021-10-31 18:10:01.065 [main] INFO  com.solvd.autoservice.Main - R15
2021-10-31 18:10:01.065 [main] INFO  com.solvd.autoservice.Main - R17
2021-10-31 18:10:01.065 [main] INFO  com.solvd.autoservice.Main - R15
2021-10-31 18:10:01.065 [main] INFO  com.solvd.autoservice.Main -  Wheel Radius - 15 
2021-10-31 18:10:01.066 [main] INFO  com.solvd.autoservice.Main -  Wheels R15 are in stock 
2021-10-31 18:10:01.067 [main] INFO  com.solvd.autoservice.Main -  BMW 
2021-10-31 18:10:01.067 [main] INFO  com.solvd.autoservice.Main - [Detail{detailName='mirror'}, Detail{detailName='mirror2'}, Detail{detailName='wheel'}]
2021-10-31 18:10:01.068 [main] INFO  com.solvd.autoservice.Main - ID =  1 Regular Client Name = RegularClient{id=1, firstName='Artur', lastName='Hodyakov'}
2021-10-31 18:10:01.068 [main] INFO  com.solvd.autoservice.Main - ID =  2 Regular Client Name = RegularClient{id=2, firstName='John', lastName='Kapustin'}
2021-10-31 18:10:01.068 [main] INFO  com.solvd.autoservice.Main - ID =  3 Regular Client Name = RegularClient{id=3, firstName='David', lastName='Duhovny'}
2021-10-31 18:10:01.068 [main] INFO  com.solvd.autoservice.Main -  John should be displayed RegularClient{id=2, firstName='John', lastName='Kapustin'}
2021-10-31 18:10:01.068 [main] INFO  com.solvd.autoservice.Main -  Is empty false
2021-10-31 18:10:01.068 [main] INFO  com.solvd.autoservice.Main -  Map Size 3
2021-10-31 18:10:01.068 [main] INFO  com.solvd.autoservice.Main -  Map HashCode 120741952
2021-10-31 18:10:01.069 [main] INFO  com.solvd.autoservice.Main -  Linked List First Detail{detailName='wheel'}
2021-10-31 18:10:01.069 [main] INFO  com.solvd.autoservice.Main -  Linked List Last Detail{detailName='mirror2'}
2021-10-31 18:10:01.069 [main] INFO  com.solvd.autoservice.Main -  Client from TreeSet [com.solvd.autoservice.client.IndividualClient@5cdd8682, com.solvd.autoservice.client.IndividualClient@d6da883, com.solvd.autoservice.client.IndividualClient@45afc369, com.solvd.autoservice.client.IndividualClient@5cdd8682, com.solvd.autoservice.client.IndividualClient@5cdd8682, com.solvd.autoservice.client.IndividualClient@45afc369]
2021-10-31 18:10:01.069 [main] INFO  com.solvd.autoservice.Main - [Detail{detailName='mirror'}, Detail{detailName='mirror2'}, Detail{detailName='wheel'}]
2021-10-31 18:10:01.069 [main] INFO  com.solvd.autoservice.Main - 3
2021-10-31 18:10:01.069 [main] INFO  com.solvd.autoservice.Main - false
2021-10-31 18:10:01.070 [main] INFO  com.solvd.autoservice.Main - [ Vin Code yegfugiu3678765; CarBrand Mercedes CarModel S class w223,  Capacity Volume Body  null; CarBrand Gaz CarModel 66,  CarBrand Harley Davidson CarModel Iron 833]
2021-10-31 18:10:01.071 [main] INFO  com.solvd.autoservice.Main -  Vin Code yegfugiu3678765; CarBrand Mercedes CarModel S class w223
2021-10-31 18:10:01.071 [main] INFO  com.solvd.autoservice.Main -  Capacity Volume Body  null; CarBrand Gaz CarModel 66
2021-10-31 18:10:01.071 [main] INFO  com.solvd.autoservice.autoservice.Order -  List of details: 
 
2021-10-31 18:10:01.071 [main] INFO  com.solvd.autoservice.autoservice.Order -  Name mirror Price 233

2021-10-31 18:10:01.071 [main] INFO  com.solvd.autoservice.autoservice.Order -  Name mirror2 Price 233

2021-10-31 18:10:01.072 [main] INFO  com.solvd.autoservice.autoservice.Order -  Name wheel Price 100

2021-10-31 18:10:01.072 [main] INFO  com.solvd.autoservice.autoservice.AutoService -  Storage Number  0
2021-10-31 18:10:01.072 [main] INFO  com.solvd.autoservice.Main -  Get max speed minivan 180
2021-10-31 18:10:01.073 [main] INFO  com.solvd.autoservice.Main -  Get max speed minivan 200
2021-10-31 18:10:01.075 [main] INFO  com.solvd.autoservice.Main -  Order can be completed Sun Oct 31 20:10:01 MSK 2021
2021-10-31 18:10:01.075 [main] INFO  com.solvd.autoservice.Main -  Sum of the order 566
2021-10-31 18:10:01.076 [main] INFO  com.solvd.autoservice.Main -  Client size 6
2021-10-31 18:10:01.076 [main] INFO  com.solvd.autoservice.Main -  Details wheel mirror mirror2
2021-10-31 18:10:01.076 [main] INFO  com.solvd.autoservice.Main -  Will the order be completed?  true
2021-10-31 18:10:01.076 [main] INFO  com.solvd.autoservice.Main -  Wrong Storage number
2021-10-31 18:10:01.076 [main] INFO  com.solvd.autoservice.Main -  Finally 
2021-16-31 18:16:15.565 [main] INFO  com.solvd.autoservice.Main -  Radius 15 
2021-16-31 18:16:15.567 [main] INFO  com.solvd.autoservice.Main - R15
2021-16-31 18:16:15.567 [main] INFO  com.solvd.autoservice.Main - R15
2021-16-31 18:16:15.567 [main] INFO  com.solvd.autoservice.Main - R17
2021-16-31 18:16:15.567 [main] INFO  com.solvd.autoservice.Main - R15
2021-16-31 18:16:15.568 [main] INFO  com.solvd.autoservice.Main -  Wheel Radius - 15 
2021-16-31 18:16:15.568 [main] INFO  com.solvd.autoservice.Main -  Wheels R15 are in stock 
2021-16-31 18:16:15.569 [main] INFO  com.solvd.autoservice.Main -  BMW 
2021-16-31 18:16:15.569 [main] INFO  com.solvd.autoservice.Main - BMW
2021-16-31 18:16:15.569 [main] INFO  com.solvd.autoservice.Main - [Detail{detailName='mirror'}, Detail{detailName='mirror2'}, Detail{detailName='wheel'}]
2021-16-31 18:16:15.570 [main] INFO  com.solvd.autoservice.Main - ID =  1 Regular Client Name = RegularClient{id=1, firstName='Artur', lastName='Hodyakov'}
2021-16-31 18:16:15.570 [main] INFO  com.solvd.autoservice.Main - ID =  2 Regular Client Name = RegularClient{id=2, firstName='John', lastName='Kapustin'}
2021-16-31 18:16:15.570 [main] INFO  com.solvd.autoservice.Main - ID =  3 Regular Client Name = RegularClient{id=3, firstName='David', lastName='Duhovny'}
2021-16-31 18:16:15.570 [main] INFO  com.solvd.autoservice.Main -  John should be displayed RegularClient{id=2, firstName='John', lastName='Kapustin'}
2021-16-31 18:16:15.570 [main] INFO  com.solvd.autoservice.Main -  Is empty false
2021-16-31 18:16:15.570 [main] INFO  com.solvd.autoservice.Main -  Map Size 3
2021-16-31 18:16:15.570 [main] INFO  com.solvd.autoservice.Main -  Map HashCode 120741952
2021-16-31 18:16:15.570 [main] INFO  com.solvd.autoservice.Main -  Linked List First Detail{detailName='wheel'}
2021-16-31 18:16:15.570 [main] INFO  com.solvd.autoservice.Main -  Linked List Last Detail{detailName='mirror2'}
2021-16-31 18:16:15.571 [main] INFO  com.solvd.autoservice.Main -  Client from TreeSet [com.solvd.autoservice.client.IndividualClient@5cdd8682, com.solvd.autoservice.client.IndividualClient@d6da883, com.solvd.autoservice.client.IndividualClient@45afc369, com.solvd.autoservice.client.IndividualClient@5cdd8682, com.solvd.autoservice.client.IndividualClient@5cdd8682, com.solvd.autoservice.client.IndividualClient@45afc369]
2021-16-31 18:16:15.571 [main] INFO  com.solvd.autoservice.Main - [Detail{detailName='mirror'}, Detail{detailName='mirror2'}, Detail{detailName='wheel'}]
2021-16-31 18:16:15.571 [main] INFO  com.solvd.autoservice.Main - 3
2021-16-31 18:16:15.571 [main] INFO  com.solvd.autoservice.Main - false
2021-16-31 18:16:15.572 [main] INFO  com.solvd.autoservice.Main - [ Vin Code yegfugiu3678765; CarBrand Mercedes CarModel S class w223,  Capacity Volume Body  null; CarBrand Gaz CarModel 66,  CarBrand Harley Davidson CarModel Iron 833]
2021-16-31 18:16:15.572 [main] INFO  com.solvd.autoservice.Main -  Vin Code yegfugiu3678765; CarBrand Mercedes CarModel S class w223
2021-16-31 18:16:15.572 [main] INFO  com.solvd.autoservice.Main -  Capacity Volume Body  null; CarBrand Gaz CarModel 66
2021-16-31 18:16:15.573 [main] INFO  com.solvd.autoservice.autoservice.Order -  List of details: 
 
2021-16-31 18:16:15.573 [main] INFO  com.solvd.autoservice.autoservice.Order -  Name mirror Price 233

2021-16-31 18:16:15.573 [main] INFO  com.solvd.autoservice.autoservice.Order -  Name mirror2 Price 233

2021-16-31 18:16:15.573 [main] INFO  com.solvd.autoservice.autoservice.Order -  Name wheel Price 100

2021-16-31 18:16:15.573 [main] INFO  com.solvd.autoservice.autoservice.AutoService -  Storage Number  0
2021-16-31 18:16:15.574 [main] INFO  com.solvd.autoservice.Main -  Get max speed minivan 180
2021-16-31 18:16:15.574 [main] INFO  com.solvd.autoservice.Main -  Get max speed minivan 200
2021-16-31 18:16:15.576 [main] INFO  com.solvd.autoservice.Main -  Order can be completed Sun Oct 31 20:16:15 MSK 2021
2021-16-31 18:16:15.576 [main] INFO  com.solvd.autoservice.Main -  Sum of the order 566
2021-16-31 18:16:15.576 [main] INFO  com.solvd.autoservice.Main -  Client size 6
2021-16-31 18:16:15.576 [main] INFO  com.solvd.autoservice.Main -  Details wheel mirror mirror2
2021-16-31 18:16:15.576 [main] INFO  com.solvd.autoservice.Main -  Will the order be completed?  true
2021-16-31 18:16:15.577 [main] INFO  com.solvd.autoservice.Main -  Wrong Storage number
2021-16-31 18:16:15.577 [main] INFO  com.solvd.autoservice.Main -  Finally 
2021-30-31 18:30:07.662 [main] INFO  com.solvd.autoservice.Main -  Radius 15 
2021-30-31 18:30:07.664 [main] INFO  com.solvd.autoservice.Main - R15
2021-30-31 18:30:07.664 [main] INFO  com.solvd.autoservice.Main - R15
2021-30-31 18:30:07.664 [main] INFO  com.solvd.autoservice.Main - R17
2021-30-31 18:30:07.665 [main] INFO  com.solvd.autoservice.Main - R15
2021-30-31 18:30:07.665 [main] INFO  com.solvd.autoservice.Main -  Wheel Radius - 15 
2021-30-31 18:30:07.665 [main] INFO  com.solvd.autoservice.Main -  Wheels R15 are in stock 
2021-30-31 18:30:07.666 [main] INFO  com.solvd.autoservice.Main -  BMW 
2021-30-31 18:30:07.666 [main] INFO  com.solvd.autoservice.Main - BMW
2021-30-31 18:30:07.666 [main] INFO  com.solvd.autoservice.Main -  Audi 
2021-30-31 18:30:07.666 [main] INFO  com.solvd.autoservice.Main - [Detail{detailName='mirror'}, Detail{detailName='mirror2'}, Detail{detailName='wheel'}]
2021-30-31 18:30:07.667 [main] INFO  com.solvd.autoservice.Main - ID =  1 Regular Client Name = RegularClient{id=1, firstName='Artur', lastName='Hodyakov'}
2021-30-31 18:30:07.667 [main] INFO  com.solvd.autoservice.Main - ID =  2 Regular Client Name = RegularClient{id=2, firstName='John', lastName='Kapustin'}
2021-30-31 18:30:07.667 [main] INFO  com.solvd.autoservice.Main - ID =  3 Regular Client Name = RegularClient{id=3, firstName='David', lastName='Duhovny'}
2021-30-31 18:30:07.667 [main] INFO  com.solvd.autoservice.Main -  John should be displayed RegularClient{id=2, firstName='John', lastName='Kapustin'}
2021-30-31 18:30:07.667 [main] INFO  com.solvd.autoservice.Main -  Is empty false
2021-30-31 18:30:07.667 [main] INFO  com.solvd.autoservice.Main -  Map Size 3
2021-30-31 18:30:07.668 [main] INFO  com.solvd.autoservice.Main -  Map HashCode 120741952
2021-30-31 18:30:07.668 [main] INFO  com.solvd.autoservice.Main -  Linked List First Detail{detailName='wheel'}
2021-30-31 18:30:07.668 [main] INFO  com.solvd.autoservice.Main -  Linked List Last Detail{detailName='mirror2'}
2021-30-31 18:30:07.668 [main] INFO  com.solvd.autoservice.Main -  Client from TreeSet [com.solvd.autoservice.client.IndividualClient@5cdd8682, com.solvd.autoservice.client.IndividualClient@d6da883, com.solvd.autoservice.client.IndividualClient@45afc369, com.solvd.autoservice.client.IndividualClient@5cdd8682, com.solvd.autoservice.client.IndividualClient@5cdd8682, com.solvd.autoservice.client.IndividualClient@45afc369]
2021-30-31 18:30:07.668 [main] INFO  com.solvd.autoservice.Main - [Detail{detailName='mirror'}, Detail{detailName='mirror2'}, Detail{detailName='wheel'}]
2021-30-31 18:30:07.668 [main] INFO  com.solvd.autoservice.Main - 3
2021-30-31 18:30:07.668 [main] INFO  com.solvd.autoservice.Main - false
2021-30-31 18:30:07.669 [main] INFO  com.solvd.autoservice.Main - [ Vin Code yegfugiu3678765; CarBrand Mercedes CarModel S class w223,  Capacity Volume Body  null; CarBrand Gaz CarModel 66,  CarBrand Harley Davidson CarModel Iron 833]
2021-30-31 18:30:07.670 [main] INFO  com.solvd.autoservice.Main -  Vin Code yegfugiu3678765; CarBrand Mercedes CarModel S class w223
2021-30-31 18:30:07.670 [main] INFO  com.solvd.autoservice.Main -  Capacity Volume Body  null; CarBrand Gaz CarModel 66
2021-30-31 18:30:07.670 [main] INFO  com.solvd.autoservice.autoservice.Order -  List of details: 
 
2021-30-31 18:30:07.670 [main] INFO  com.solvd.autoservice.autoservice.Order -  Name mirror Price 233

2021-30-31 18:30:07.670 [main] INFO  com.solvd.autoservice.autoservice.Order -  Name mirror2 Price 233

2021-30-31 18:30:07.670 [main] INFO  com.solvd.autoservice.autoservice.Order -  Name wheel Price 100

2021-30-31 18:30:07.670 [main] INFO  com.solvd.autoservice.autoservice.AutoService -  Storage Number  0
2021-30-31 18:30:07.671 [main] INFO  com.solvd.autoservice.Main -  Get max speed minivan 180
2021-30-31 18:30:07.671 [main] INFO  com.solvd.autoservice.Main -  Get max speed minivan 200
2021-30-31 18:30:07.673 [main] INFO  com.solvd.autoservice.Main -  Order can be completed Sun Oct 31 20:30:07 MSK 2021
2021-30-31 18:30:07.673 [main] INFO  com.solvd.autoservice.Main -  Sum of the order 566
2021-30-31 18:30:07.673 [main] INFO  com.solvd.autoservice.Main -  Client size 6
2021-30-31 18:30:07.673 [main] INFO  com.solvd.autoservice.Main -  Details wheel mirror mirror2
2021-30-31 18:30:07.673 [main] INFO  com.solvd.autoservice.Main -  Will the order be completed?  true
2021-30-31 18:30:07.674 [main] INFO  com.solvd.autoservice.Main -  Wrong Storage number
2021-30-31 18:30:07.674 [main] INFO  com.solvd.autoservice.Main -  Finally 
2021-20-31 20:20:58.107 [main] INFO  com.solvd.autoservice.Main -  Radius 15 
2021-20-31 20:20:58.110 [main] INFO  com.solvd.autoservice.Main - R15
2021-20-31 20:20:58.110 [main] INFO  com.solvd.autoservice.Main - R15
2021-20-31 20:20:58.110 [main] INFO  com.solvd.autoservice.Main - R17
2021-20-31 20:20:58.111 [main] INFO  com.solvd.autoservice.Main - R15
2021-20-31 20:20:58.111 [main] INFO  com.solvd.autoservice.Main -  Wheel Radius - 15 
2021-20-31 20:20:58.111 [main] INFO  com.solvd.autoservice.Main -  Wheels R15 are in stock 
2021-20-31 20:20:58.112 [main] INFO  com.solvd.autoservice.Main -  BMW 
2021-20-31 20:20:58.112 [main] INFO  com.solvd.autoservice.Main - BMW
2021-20-31 20:20:58.112 [main] INFO  com.solvd.autoservice.Main -  Audi 
2021-20-31 20:20:58.113 [main] INFO  com.solvd.autoservice.Main - com.solvd.autoservice.client.OtherClient@6cc7b4de
2021-20-31 20:20:58.113 [main] INFO  com.solvd.autoservice.Main - [Detail{detailName='mirror'}, Detail{detailName='mirror2'}, Detail{detailName='wheel'}]
2021-20-31 20:20:58.114 [main] INFO  com.solvd.autoservice.Main - ID =  1 Regular Client Name = RegularClient{id=1, firstName='Artur', lastName='Hodyakov'}
2021-20-31 20:20:58.114 [main] INFO  com.solvd.autoservice.Main - ID =  2 Regular Client Name = RegularClient{id=2, firstName='John', lastName='Kapustin'}
2021-20-31 20:20:58.114 [main] INFO  com.solvd.autoservice.Main - ID =  3 Regular Client Name = RegularClient{id=3, firstName='David', lastName='Duhovny'}
2021-20-31 20:20:58.114 [main] INFO  com.solvd.autoservice.Main -  John should be displayed RegularClient{id=2, firstName='John', lastName='Kapustin'}
2021-20-31 20:20:58.115 [main] INFO  com.solvd.autoservice.Main -  Is empty false
2021-20-31 20:20:58.115 [main] INFO  com.solvd.autoservice.Main -  Map Size 3
2021-20-31 20:20:58.115 [main] INFO  com.solvd.autoservice.Main -  Map HashCode -146263580
2021-20-31 20:20:58.115 [main] INFO  com.solvd.autoservice.Main -  Linked List First Detail{detailName='wheel'}
2021-20-31 20:20:58.115 [main] INFO  com.solvd.autoservice.Main -  Linked List Last Detail{detailName='mirror2'}
2021-20-31 20:20:58.115 [main] INFO  com.solvd.autoservice.Main -  Client from TreeSet [com.solvd.autoservice.client.IndividualClient@d6da883, com.solvd.autoservice.client.IndividualClient@45afc369, com.solvd.autoservice.client.IndividualClient@799d4f69, com.solvd.autoservice.client.IndividualClient@d6da883, com.solvd.autoservice.client.IndividualClient@d6da883, com.solvd.autoservice.client.IndividualClient@799d4f69]
2021-20-31 20:20:58.115 [main] INFO  com.solvd.autoservice.Main - [Detail{detailName='mirror'}, Detail{detailName='mirror2'}, Detail{detailName='wheel'}]
2021-20-31 20:20:58.116 [main] INFO  com.solvd.autoservice.Main - 3
2021-20-31 20:20:58.116 [main] INFO  com.solvd.autoservice.Main - false
2021-20-31 20:20:58.116 [main] INFO  com.solvd.autoservice.Main - [ Vin Code yegfugiu3678765; CarBrand Mercedes CarModel S class w223,  Capacity Volume Body  null; CarBrand Gaz CarModel 66,  CarBrand Harley Davidson CarModel Iron 833]
2021-20-31 20:20:58.117 [main] INFO  com.solvd.autoservice.Main -  Vin Code yegfugiu3678765; CarBrand Mercedes CarModel S class w223
2021-20-31 20:20:58.117 [main] INFO  com.solvd.autoservice.Main -  Capacity Volume Body  null; CarBrand Gaz CarModel 66
2021-20-31 20:20:58.117 [main] INFO  com.solvd.autoservice.autoservice.Order -  List of details: 
 
2021-20-31 20:20:58.117 [main] INFO  com.solvd.autoservice.autoservice.Order -  Name mirror Price 233

2021-20-31 20:20:58.118 [main] INFO  com.solvd.autoservice.autoservice.Order -  Name mirror2 Price 233

2021-20-31 20:20:58.118 [main] INFO  com.solvd.autoservice.autoservice.Order -  Name wheel Price 100

2021-20-31 20:20:58.118 [main] INFO  com.solvd.autoservice.autoservice.AutoService -  Storage Number  0
2021-20-31 20:20:58.119 [main] INFO  com.solvd.autoservice.Main -  Get max speed minivan 180
2021-20-31 20:20:58.119 [main] INFO  com.solvd.autoservice.Main -  Get max speed minivan 200
2021-20-31 20:20:58.121 [main] INFO  com.solvd.autoservice.Main -  Order can be completed Sun Oct 31 22:20:58 MSK 2021
2021-20-31 20:20:58.121 [main] INFO  com.solvd.autoservice.Main -  Sum of the order 566
2021-20-31 20:20:58.122 [main] INFO  com.solvd.autoservice.Main -  Client size 6
2021-20-31 20:20:58.122 [main] INFO  com.solvd.autoservice.Main -  Details wheel mirror mirror2
2021-20-31 20:20:58.122 [main] INFO  com.solvd.autoservice.Main -  Will the order be completed?  true
2021-20-31 20:20:58.122 [main] INFO  com.solvd.autoservice.Main -  Wrong Storage number
2021-20-31 20:20:58.122 [main] INFO  com.solvd.autoservice.Main -  Finally 
2021-22-31 20:22:17.489 [main] INFO  com.solvd.autoservice.Main -  Radius 15 
2021-22-31 20:22:17.491 [main] INFO  com.solvd.autoservice.Main - R15
2021-22-31 20:22:17.491 [main] INFO  com.solvd.autoservice.Main - R15
2021-22-31 20:22:17.491 [main] INFO  com.solvd.autoservice.Main - R17
2021-22-31 20:22:17.491 [main] INFO  com.solvd.autoservice.Main - R15
2021-22-31 20:22:17.491 [main] INFO  com.solvd.autoservice.Main -  Wheel Radius - 15 
2021-22-31 20:22:17.492 [main] INFO  com.solvd.autoservice.Main -  Wheels R15 are in stock 
2021-22-31 20:22:17.492 [main] INFO  com.solvd.autoservice.Main -  BMW 
2021-22-31 20:22:17.493 [main] INFO  com.solvd.autoservice.Main - BMW
2021-22-31 20:22:17.493 [main] INFO  com.solvd.autoservice.Main -  Audi 
2021-22-31 20:22:17.493 [main] INFO  com.solvd.autoservice.Main - com.solvd.autoservice.client.OtherClient@6cc7b4de
2021-22-31 20:22:17.494 [main] INFO  com.solvd.autoservice.Main - [Detail{detailName='mirror'}, Detail{detailName='mirror2'}, Detail{detailName='wheel'}]
2021-22-31 20:22:17.494 [main] INFO  com.solvd.autoservice.Main - ID =  1 Regular Client Name = RegularClient{id=1, firstName='Artur', lastName='Hodyakov'}
2021-22-31 20:22:17.494 [main] INFO  com.solvd.autoservice.Main - ID =  2 Regular Client Name = RegularClient{id=2, firstName='John', lastName='Kapustin'}
2021-22-31 20:22:17.495 [main] INFO  com.solvd.autoservice.Main - ID =  3 Regular Client Name = RegularClient{id=3, firstName='David', lastName='Duhovny'}
2021-22-31 20:22:17.495 [main] INFO  com.solvd.autoservice.Main -  John should be displayed RegularClient{id=2, firstName='John', lastName='Kapustin'}
2021-22-31 20:22:17.495 [main] INFO  com.solvd.autoservice.Main -  Is empty false
2021-22-31 20:22:17.495 [main] INFO  com.solvd.autoservice.Main -  Map Size 3
2021-22-31 20:22:17.495 [main] INFO  com.solvd.autoservice.Main -  Map HashCode -146263580
2021-22-31 20:22:17.495 [main] INFO  com.solvd.autoservice.Main -  Linked List First Detail{detailName='wheel'}
2021-22-31 20:22:17.495 [main] INFO  com.solvd.autoservice.Main -  Linked List Last Detail{detailName='mirror2'}
2021-22-31 20:22:17.496 [main] INFO  com.solvd.autoservice.Main -  Client from TreeSet [com.solvd.autoservice.client.IndividualClient@d6da883, com.solvd.autoservice.client.IndividualClient@45afc369, com.solvd.autoservice.client.IndividualClient@799d4f69, com.solvd.autoservice.client.IndividualClient@d6da883, com.solvd.autoservice.client.IndividualClient@d6da883, com.solvd.autoservice.client.IndividualClient@799d4f69]
2021-22-31 20:22:17.496 [main] INFO  com.solvd.autoservice.Main - [Detail{detailName='mirror'}, Detail{detailName='mirror2'}, Detail{detailName='wheel'}]
2021-22-31 20:22:17.496 [main] INFO  com.solvd.autoservice.Main - 3
2021-22-31 20:22:17.496 [main] INFO  com.solvd.autoservice.Main - false
2021-22-31 20:22:17.497 [main] INFO  com.solvd.autoservice.Main - [ Vin Code yegfugiu3678765; CarBrand Mercedes CarModel S class w223,  Capacity Volume Body  null; CarBrand Gaz CarModel 66,  CarBrand Harley Davidson CarModel Iron 833]
2021-22-31 20:22:17.497 [main] INFO  com.solvd.autoservice.Main -  Vin Code yegfugiu3678765; CarBrand Mercedes CarModel S class w223
2021-22-31 20:22:17.498 [main] INFO  com.solvd.autoservice.Main -  Capacity Volume Body  null; CarBrand Gaz CarModel 66
2021-22-31 20:22:17.498 [main] INFO  com.solvd.autoservice.autoservice.Order -  List of details: 
 
2021-22-31 20:22:17.498 [main] INFO  com.solvd.autoservice.autoservice.Order -  Name mirror Price 233

2021-22-31 20:22:17.498 [main] INFO  com.solvd.autoservice.autoservice.Order -  Name mirror2 Price 233

2021-22-31 20:22:17.498 [main] INFO  com.solvd.autoservice.autoservice.Order -  Name wheel Price 100

2021-22-31 20:22:17.498 [main] INFO  com.solvd.autoservice.autoservice.AutoService -  Storage Number  0
2021-22-31 20:22:17.499 [main] INFO  com.solvd.autoservice.Main -  Get max speed minivan 180
2021-22-31 20:22:17.499 [main] INFO  com.solvd.autoservice.Main -  Get max speed minivan 200
2021-22-31 20:22:17.502 [main] INFO  com.solvd.autoservice.Main -  Order can be completed Sun Oct 31 22:22:17 MSK 2021
2021-22-31 20:22:17.502 [main] INFO  com.solvd.autoservice.Main -  Sum of the order 566
2021-22-31 20:22:17.502 [main] INFO  com.solvd.autoservice.Main -  Client size 6
2021-22-31 20:22:17.502 [main] INFO  com.solvd.autoservice.Main -  Details wheel mirror mirror2
2021-22-31 20:22:17.502 [main] INFO  com.solvd.autoservice.Main -  Will the order be completed?  true
2021-22-31 20:22:17.503 [main] INFO  com.solvd.autoservice.Main -  Wrong Storage number
2021-22-31 20:22:17.503 [main] INFO  com.solvd.autoservice.Main -  Finally 
2021-32-31 20:32:54.806 [main] INFO  com.solvd.autoservice.Main -  Radius 15 
2021-32-31 20:32:54.808 [main] INFO  com.solvd.autoservice.Main - R15
2021-32-31 20:32:54.808 [main] INFO  com.solvd.autoservice.Main - R15
2021-32-31 20:32:54.808 [main] INFO  com.solvd.autoservice.Main - R17
2021-32-31 20:32:54.809 [main] INFO  com.solvd.autoservice.Main - R15
2021-32-31 20:32:54.809 [main] INFO  com.solvd.autoservice.Main -  Wheel Radius - 15 
2021-32-31 20:32:54.810 [main] INFO  com.solvd.autoservice.Main -  Wheels R15 are in stock 
2021-32-31 20:32:54.811 [main] INFO  com.solvd.autoservice.Main -  BMW 
2021-32-31 20:32:54.811 [main] INFO  com.solvd.autoservice.Main - BMW
2021-32-31 20:32:54.811 [main] INFO  com.solvd.autoservice.Main -  Audi 
2021-32-31 20:32:54.812 [main] INFO  com.solvd.autoservice.Main -  American 
2021-32-31 20:32:54.813 [main] INFO  com.solvd.autoservice.Main - [Detail{detailName='mirror'}, Detail{detailName='mirror2'}, Detail{detailName='wheel'}]
2021-32-31 20:32:54.813 [main] INFO  com.solvd.autoservice.Main - ID =  1 Regular Client Name = RegularClient{id=1, firstName='Artur', lastName='Hodyakov'}
2021-32-31 20:32:54.813 [main] INFO  com.solvd.autoservice.Main - ID =  2 Regular Client Name = RegularClient{id=2, firstName='John', lastName='Kapustin'}
2021-32-31 20:32:54.813 [main] INFO  com.solvd.autoservice.Main - ID =  3 Regular Client Name = RegularClient{id=3, firstName='David', lastName='Duhovny'}
2021-32-31 20:32:54.814 [main] INFO  com.solvd.autoservice.Main -  John should be displayed RegularClient{id=2, firstName='John', lastName='Kapustin'}
2021-32-31 20:32:54.814 [main] INFO  com.solvd.autoservice.Main -  Is empty false
2021-32-31 20:32:54.814 [main] INFO  com.solvd.autoservice.Main -  Map Size 3
2021-32-31 20:32:54.814 [main] INFO  com.solvd.autoservice.Main -  Map HashCode 120741952
2021-32-31 20:32:54.814 [main] INFO  com.solvd.autoservice.Main -  Linked List First Detail{detailName='wheel'}
2021-32-31 20:32:54.814 [main] INFO  com.solvd.autoservice.Main -  Linked List Last Detail{detailName='mirror2'}
2021-32-31 20:32:54.815 [main] INFO  com.solvd.autoservice.Main -  Client from TreeSet [com.solvd.autoservice.client.IndividualClient@5cdd8682, com.solvd.autoservice.client.IndividualClient@d6da883, com.solvd.autoservice.client.IndividualClient@45afc369, com.solvd.autoservice.client.IndividualClient@5cdd8682, com.solvd.autoservice.client.IndividualClient@5cdd8682, com.solvd.autoservice.client.IndividualClient@45afc369]
2021-32-31 20:32:54.815 [main] INFO  com.solvd.autoservice.Main - [Detail{detailName='mirror'}, Detail{detailName='mirror2'}, Detail{detailName='wheel'}]
2021-32-31 20:32:54.815 [main] INFO  com.solvd.autoservice.Main - 3
2021-32-31 20:32:54.815 [main] INFO  com.solvd.autoservice.Main - false
2021-32-31 20:32:54.816 [main] INFO  com.solvd.autoservice.Main - [ Vin Code yegfugiu3678765; CarBrand Mercedes CarModel S class w223,  Capacity Volume Body  null; CarBrand Gaz CarModel 66,  CarBrand Harley Davidson CarModel Iron 833]
2021-32-31 20:32:54.817 [main] INFO  com.solvd.autoservice.Main -  Vin Code yegfugiu3678765; CarBrand Mercedes CarModel S class w223
2021-32-31 20:32:54.817 [main] INFO  com.solvd.autoservice.Main -  Capacity Volume Body  null; CarBrand Gaz CarModel 66
2021-32-31 20:32:54.817 [main] INFO  com.solvd.autoservice.autoservice.Order -  List of details: 
 
2021-32-31 20:32:54.817 [main] INFO  com.solvd.autoservice.autoservice.Order -  Name mirror Price 233

2021-32-31 20:32:54.817 [main] INFO  com.solvd.autoservice.autoservice.Order -  Name mirror2 Price 233

2021-32-31 20:32:54.817 [main] INFO  com.solvd.autoservice.autoservice.Order -  Name wheel Price 100

2021-32-31 20:32:54.818 [main] INFO  com.solvd.autoservice.autoservice.AutoService -  Storage Number  0
2021-32-31 20:32:54.818 [main] INFO  com.solvd.autoservice.Main -  Get max speed minivan 180
2021-32-31 20:32:54.819 [main] INFO  com.solvd.autoservice.Main -  Get max speed minivan 200
2021-32-31 20:32:54.821 [main] INFO  com.solvd.autoservice.Main -  Order can be completed Sun Oct 31 22:32:54 MSK 2021
2021-32-31 20:32:54.821 [main] INFO  com.solvd.autoservice.Main -  Sum of the order 566
2021-32-31 20:32:54.821 [main] INFO  com.solvd.autoservice.Main -  Client size 6
2021-32-31 20:32:54.821 [main] INFO  com.solvd.autoservice.Main -  Details wheel mirror mirror2
2021-32-31 20:32:54.822 [main] INFO  com.solvd.autoservice.Main -  Will the order be completed?  true
2021-32-31 20:32:54.822 [main] INFO  com.solvd.autoservice.Main -  Wrong Storage number
2021-32-31 20:32:54.822 [main] INFO  com.solvd.autoservice.Main -  Finally 
2021-33-31 20:33:35.070 [main] INFO  com.solvd.autoservice.Main -  Radius 15 
2021-33-31 20:33:35.072 [main] INFO  com.solvd.autoservice.Main - R15
2021-33-31 20:33:35.072 [main] INFO  com.solvd.autoservice.Main - R15
2021-33-31 20:33:35.072 [main] INFO  com.solvd.autoservice.Main - R17
2021-33-31 20:33:35.072 [main] INFO  com.solvd.autoservice.Main - R15
2021-33-31 20:33:35.073 [main] INFO  com.solvd.autoservice.Main -  Wheel Radius - 15 
2021-33-31 20:33:35.073 [main] INFO  com.solvd.autoservice.Main -  Wheels R15 are in stock 
2021-33-31 20:33:35.074 [main] INFO  com.solvd.autoservice.Main -  BMW 
2021-33-31 20:33:35.074 [main] INFO  com.solvd.autoservice.Main - BMW
2021-33-31 20:33:35.074 [main] INFO  com.solvd.autoservice.Main -  Audi 
2021-33-31 20:33:35.075 [main] INFO  com.solvd.autoservice.Main -  American 
2021-33-31 20:33:35.075 [main] INFO  com.solvd.autoservice.Main - ASIA
2021-33-31 20:33:35.075 [main] INFO  com.solvd.autoservice.Main - [Detail{detailName='mirror'}, Detail{detailName='mirror2'}, Detail{detailName='wheel'}]
2021-33-31 20:33:35.076 [main] INFO  com.solvd.autoservice.Main - ID =  1 Regular Client Name = RegularClient{id=1, firstName='Artur', lastName='Hodyakov'}
2021-33-31 20:33:35.076 [main] INFO  com.solvd.autoservice.Main - ID =  2 Regular Client Name = RegularClient{id=2, firstName='John', lastName='Kapustin'}
2021-33-31 20:33:35.076 [main] INFO  com.solvd.autoservice.Main - ID =  3 Regular Client Name = RegularClient{id=3, firstName='David', lastName='Duhovny'}
2021-33-31 20:33:35.076 [main] INFO  com.solvd.autoservice.Main -  John should be displayed RegularClient{id=2, firstName='John', lastName='Kapustin'}
2021-33-31 20:33:35.076 [main] INFO  com.solvd.autoservice.Main -  Is empty false
2021-33-31 20:33:35.076 [main] INFO  com.solvd.autoservice.Main -  Map Size 3
2021-33-31 20:33:35.076 [main] INFO  com.solvd.autoservice.Main -  Map HashCode 120741952
2021-33-31 20:33:35.076 [main] INFO  com.solvd.autoservice.Main -  Linked List First Detail{detailName='wheel'}
2021-33-31 20:33:35.077 [main] INFO  com.solvd.autoservice.Main -  Linked List Last Detail{detailName='mirror2'}
2021-33-31 20:33:35.077 [main] INFO  com.solvd.autoservice.Main -  Client from TreeSet [com.solvd.autoservice.client.IndividualClient@5cdd8682, com.solvd.autoservice.client.IndividualClient@d6da883, com.solvd.autoservice.client.IndividualClient@45afc369, com.solvd.autoservice.client.IndividualClient@5cdd8682, com.solvd.autoservice.client.IndividualClient@5cdd8682, com.solvd.autoservice.client.IndividualClient@45afc369]
2021-33-31 20:33:35.077 [main] INFO  com.solvd.autoservice.Main - [Detail{detailName='mirror'}, Detail{detailName='mirror2'}, Detail{detailName='wheel'}]
2021-33-31 20:33:35.077 [main] INFO  com.solvd.autoservice.Main - 3
2021-33-31 20:33:35.077 [main] INFO  com.solvd.autoservice.Main - false
2021-33-31 20:33:35.078 [main] INFO  com.solvd.autoservice.Main - [ Vin Code yegfugiu3678765; CarBrand Mercedes CarModel S class w223,  Capacity Volume Body  null; CarBrand Gaz CarModel 66,  CarBrand Harley Davidson CarModel Iron 833]
2021-33-31 20:33:35.079 [main] INFO  com.solvd.autoservice.Main -  Vin Code yegfugiu3678765; CarBrand Mercedes CarModel S class w223
2021-33-31 20:33:35.079 [main] INFO  com.solvd.autoservice.Main -  Capacity Volume Body  null; CarBrand Gaz CarModel 66
2021-33-31 20:33:35.079 [main] INFO  com.solvd.autoservice.autoservice.Order -  List of details: 
 
2021-33-31 20:33:35.079 [main] INFO  com.solvd.autoservice.autoservice.Order -  Name mirror Price 233

2021-33-31 20:33:35.079 [main] INFO  com.solvd.autoservice.autoservice.Order -  Name mirror2 Price 233

2021-33-31 20:33:35.080 [main] INFO  com.solvd.autoservice.autoservice.Order -  Name wheel Price 100

2021-33-31 20:33:35.080 [main] INFO  com.solvd.autoservice.autoservice.AutoService -  Storage Number  0
2021-33-31 20:33:35.081 [main] INFO  com.solvd.autoservice.Main -  Get max speed minivan 180
2021-33-31 20:33:35.081 [main] INFO  com.solvd.autoservice.Main -  Get max speed minivan 200
2021-33-31 20:33:35.083 [main] INFO  com.solvd.autoservice.Main -  Order can be completed Sun Oct 31 22:33:35 MSK 2021
2021-33-31 20:33:35.083 [main] INFO  com.solvd.autoservice.Main -  Sum of the order 566
2021-33-31 20:33:35.084 [main] INFO  com.solvd.autoservice.Main -  Client size 6
2021-33-31 20:33:35.084 [main] INFO  com.solvd.autoservice.Main -  Details wheel mirror mirror2
2021-33-31 20:33:35.084 [main] INFO  com.solvd.autoservice.Main -  Will the order be completed?  true
2021-33-31 20:33:35.084 [main] INFO  com.solvd.autoservice.Main -  Wrong Storage number
2021-33-31 20:33:35.085 [main] INFO  com.solvd.autoservice.Main -  Finally 
2021-37-31 20:37:11.368 [main] INFO  com.solvd.autoservice.Main -  Radius 15 
2021-37-31 20:37:11.370 [main] INFO  com.solvd.autoservice.Main - R15
2021-37-31 20:37:11.370 [main] INFO  com.solvd.autoservice.Main - R15
2021-37-31 20:37:11.370 [main] INFO  com.solvd.autoservice.Main - R17
2021-37-31 20:37:11.371 [main] INFO  com.solvd.autoservice.Main - R15
2021-37-31 20:37:11.371 [main] INFO  com.solvd.autoservice.Main -  Wheel Radius - 15 
2021-37-31 20:37:11.371 [main] INFO  com.solvd.autoservice.Main -  Wheels R15 are in stock 
2021-37-31 20:37:11.372 [main] INFO  com.solvd.autoservice.Main -  BMW 
2021-37-31 20:37:11.372 [main] INFO  com.solvd.autoservice.Main - BMW
2021-37-31 20:37:11.372 [main] INFO  com.solvd.autoservice.Main -  Audi 
2021-37-31 20:37:11.373 [main] INFO  com.solvd.autoservice.Main -  American 
2021-37-31 20:37:11.373 [main] INFO  com.solvd.autoservice.Main - ASIA
2021-37-31 20:37:11.374 [main] INFO  com.solvd.autoservice.Main - USA
2021-37-31 20:37:11.374 [main] INFO  com.solvd.autoservice.Main - [Detail{detailName='mirror'}, Detail{detailName='mirror2'}, Detail{detailName='wheel'}]
2021-37-31 20:37:11.375 [main] INFO  com.solvd.autoservice.Main - ID =  1 Regular Client Name = RegularClient{id=1, firstName='Artur', lastName='Hodyakov'}
2021-37-31 20:37:11.375 [main] INFO  com.solvd.autoservice.Main - ID =  2 Regular Client Name = RegularClient{id=2, firstName='John', lastName='Kapustin'}
2021-37-31 20:37:11.375 [main] INFO  com.solvd.autoservice.Main - ID =  3 Regular Client Name = RegularClient{id=3, firstName='David', lastName='Duhovny'}
2021-37-31 20:37:11.375 [main] INFO  com.solvd.autoservice.Main -  John should be displayed RegularClient{id=2, firstName='John', lastName='Kapustin'}
2021-37-31 20:37:11.375 [main] INFO  com.solvd.autoservice.Main -  Is empty false
2021-37-31 20:37:11.375 [main] INFO  com.solvd.autoservice.Main -  Map Size 3
2021-37-31 20:37:11.375 [main] INFO  com.solvd.autoservice.Main -  Map HashCode 120741952
2021-37-31 20:37:11.376 [main] INFO  com.solvd.autoservice.Main -  Linked List First Detail{detailName='wheel'}
2021-37-31 20:37:11.376 [main] INFO  com.solvd.autoservice.Main -  Linked List Last Detail{detailName='mirror2'}
2021-37-31 20:37:11.376 [main] INFO  com.solvd.autoservice.Main -  Client from TreeSet [com.solvd.autoservice.client.IndividualClient@5cdd8682, com.solvd.autoservice.client.IndividualClient@d6da883, com.solvd.autoservice.client.IndividualClient@45afc369, com.solvd.autoservice.client.IndividualClient@5cdd8682, com.solvd.autoservice.client.IndividualClient@5cdd8682, com.solvd.autoservice.client.IndividualClient@45afc369]
2021-37-31 20:37:11.376 [main] INFO  com.solvd.autoservice.Main - [Detail{detailName='mirror'}, Detail{detailName='mirror2'}, Detail{detailName='wheel'}]
2021-37-31 20:37:11.376 [main] INFO  com.solvd.autoservice.Main - 3
2021-37-31 20:37:11.376 [main] INFO  com.solvd.autoservice.Main - false
2021-37-31 20:37:11.377 [main] INFO  com.solvd.autoservice.Main - [ Vin Code yegfugiu3678765; CarBrand Mercedes CarModel S class w223,  Capacity Volume Body  null; CarBrand Gaz CarModel 66,  CarBrand Harley Davidson CarModel Iron 833]
2021-37-31 20:37:11.378 [main] INFO  com.solvd.autoservice.Main -  Vin Code yegfugiu3678765; CarBrand Mercedes CarModel S class w223
2021-37-31 20:37:11.378 [main] INFO  com.solvd.autoservice.Main -  Capacity Volume Body  null; CarBrand Gaz CarModel 66
2021-37-31 20:37:11.378 [main] INFO  com.solvd.autoservice.autoservice.Order -  List of details: 
 
2021-37-31 20:37:11.378 [main] INFO  com.solvd.autoservice.autoservice.Order -  Name mirror Price 233

2021-37-31 20:37:11.378 [main] INFO  com.solvd.autoservice.autoservice.Order -  Name mirror2 Price 233

2021-37-31 20:37:11.378 [main] INFO  com.solvd.autoservice.autoservice.Order -  Name wheel Price 100

2021-37-31 20:37:11.379 [main] INFO  com.solvd.autoservice.autoservice.AutoService -  Storage Number  0
2021-37-31 20:37:11.380 [main] INFO  com.solvd.autoservice.Main -  Get max speed minivan 180
2021-37-31 20:37:11.380 [main] INFO  com.solvd.autoservice.Main -  Get max speed minivan 200
2021-37-31 20:37:11.382 [main] INFO  com.solvd.autoservice.Main -  Order can be completed Sun Oct 31 22:37:11 MSK 2021
2021-37-31 20:37:11.382 [main] INFO  com.solvd.autoservice.Main -  Sum of the order 566
2021-37-31 20:37:11.382 [main] INFO  com.solvd.autoservice.Main -  Client size 6
2021-37-31 20:37:11.382 [main] INFO  com.solvd.autoservice.Main -  Details wheel mirror mirror2
2021-37-31 20:37:11.383 [main] INFO  com.solvd.autoservice.Main -  Will the order be completed?  true
2021-37-31 20:37:11.383 [main] INFO  com.solvd.autoservice.Main -  Wrong Storage number
2021-37-31 20:37:11.383 [main] INFO  com.solvd.autoservice.Main -  Finally 
2021-39-31 20:39:24.473 [main] INFO  com.solvd.autoservice.Main -  Radius 15 
2021-39-31 20:39:24.475 [main] INFO  com.solvd.autoservice.Main - R15
2021-39-31 20:39:24.475 [main] INFO  com.solvd.autoservice.Main - R15
2021-39-31 20:39:24.475 [main] INFO  com.solvd.autoservice.Main - R17
2021-39-31 20:39:24.475 [main] INFO  com.solvd.autoservice.Main - R15
2021-39-31 20:39:24.476 [main] INFO  com.solvd.autoservice.Main -  Wheel Radius - 15 
2021-39-31 20:39:24.476 [main] INFO  com.solvd.autoservice.Main -  Wheels R15 are in stock 
2021-39-31 20:39:24.477 [main] INFO  com.solvd.autoservice.Main -  BMW 
2021-39-31 20:39:24.477 [main] INFO  com.solvd.autoservice.Main - BMW
2021-39-31 20:39:24.477 [main] INFO  com.solvd.autoservice.Main -  Audi 
2021-39-31 20:39:24.478 [main] INFO  com.solvd.autoservice.Main -  American 
2021-39-31 20:39:24.478 [main] INFO  com.solvd.autoservice.Main - ASIA
2021-39-31 20:39:24.478 [main] INFO  com.solvd.autoservice.Main -  American USA
2021-39-31 20:39:24.479 [main] INFO  com.solvd.autoservice.Main - [Detail{detailName='mirror'}, Detail{detailName='mirror2'}, Detail{detailName='wheel'}]
2021-39-31 20:39:24.479 [main] INFO  com.solvd.autoservice.Main - ID =  1 Regular Client Name = RegularClient{id=1, firstName='Artur', lastName='Hodyakov'}
2021-39-31 20:39:24.479 [main] INFO  com.solvd.autoservice.Main - ID =  2 Regular Client Name = RegularClient{id=2, firstName='John', lastName='Kapustin'}
2021-39-31 20:39:24.479 [main] INFO  com.solvd.autoservice.Main - ID =  3 Regular Client Name = RegularClient{id=3, firstName='David', lastName='Duhovny'}
2021-39-31 20:39:24.479 [main] INFO  com.solvd.autoservice.Main -  John should be displayed RegularClient{id=2, firstName='John', lastName='Kapustin'}
2021-39-31 20:39:24.480 [main] INFO  com.solvd.autoservice.Main -  Is empty false
2021-39-31 20:39:24.480 [main] INFO  com.solvd.autoservice.Main -  Map Size 3
2021-39-31 20:39:24.480 [main] INFO  com.solvd.autoservice.Main -  Map HashCode 120741952
2021-39-31 20:39:24.480 [main] INFO  com.solvd.autoservice.Main -  Linked List First Detail{detailName='wheel'}
2021-39-31 20:39:24.480 [main] INFO  com.solvd.autoservice.Main -  Linked List Last Detail{detailName='mirror2'}
2021-39-31 20:39:24.480 [main] INFO  com.solvd.autoservice.Main -  Client from TreeSet [com.solvd.autoservice.client.IndividualClient@5cdd8682, com.solvd.autoservice.client.IndividualClient@d6da883, com.solvd.autoservice.client.IndividualClient@45afc369, com.solvd.autoservice.client.IndividualClient@5cdd8682, com.solvd.autoservice.client.IndividualClient@5cdd8682, com.solvd.autoservice.client.IndividualClient@45afc369]
2021-39-31 20:39:24.481 [main] INFO  com.solvd.autoservice.Main - [Detail{detailName='mirror'}, Detail{detailName='mirror2'}, Detail{detailName='wheel'}]
2021-39-31 20:39:24.481 [main] INFO  com.solvd.autoservice.Main - 3
2021-39-31 20:39:24.481 [main] INFO  com.solvd.autoservice.Main - false
2021-39-31 20:39:24.481 [main] INFO  com.solvd.autoservice.Main - [ Vin Code yegfugiu3678765; CarBrand Mercedes CarModel S class w223,  Capacity Volume Body  null; CarBrand Gaz CarModel 66,  CarBrand Harley Davidson CarModel Iron 833]
2021-39-31 20:39:24.483 [main] INFO  com.solvd.autoservice.Main -  Vin Code yegfugiu3678765; CarBrand Mercedes CarModel S class w223
2021-39-31 20:39:24.483 [main] INFO  com.solvd.autoservice.Main -  Capacity Volume Body  null; CarBrand Gaz CarModel 66
2021-39-31 20:39:24.483 [main] INFO  com.solvd.autoservice.autoservice.Order -  List of details: 
 
2021-39-31 20:39:24.484 [main] INFO  com.solvd.autoservice.autoservice.Order -  Name mirror Price 233

2021-39-31 20:39:24.484 [main] INFO  com.solvd.autoservice.autoservice.Order -  Name mirror2 Price 233

2021-39-31 20:39:24.484 [main] INFO  com.solvd.autoservice.autoservice.Order -  Name wheel Price 100

2021-39-31 20:39:24.484 [main] INFO  com.solvd.autoservice.autoservice.AutoService -  Storage Number  0
2021-39-31 20:39:24.485 [main] INFO  com.solvd.autoservice.Main -  Get max speed minivan 180
2021-39-31 20:39:24.485 [main] INFO  com.solvd.autoservice.Main -  Get max speed minivan 200
2021-39-31 20:39:24.488 [main] INFO  com.solvd.autoservice.Main -  Order can be completed Sun Oct 31 22:39:24 MSK 2021
2021-39-31 20:39:24.488 [main] INFO  com.solvd.autoservice.Main -  Sum of the order 566
2021-39-31 20:39:24.488 [main] INFO  com.solvd.autoservice.Main -  Client size 6
2021-39-31 20:39:24.488 [main] INFO  com.solvd.autoservice.Main -  Details wheel mirror mirror2
2021-39-31 20:39:24.488 [main] INFO  com.solvd.autoservice.Main -  Will the order be completed?  true
2021-39-31 20:39:24.489 [main] INFO  com.solvd.autoservice.Main -  Wrong Storage number
2021-39-31 20:39:24.489 [main] INFO  com.solvd.autoservice.Main -  Finally 
2021-44-31 20:44:53.812 [main] INFO  com.solvd.autoservice.Main -  Radius 15 
2021-44-31 20:44:53.813 [main] INFO  com.solvd.autoservice.Main - R15
2021-44-31 20:44:53.814 [main] INFO  com.solvd.autoservice.Main - R15
2021-44-31 20:44:53.814 [main] INFO  com.solvd.autoservice.Main - R17
2021-44-31 20:44:53.814 [main] INFO  com.solvd.autoservice.Main - R15
2021-44-31 20:44:53.814 [main] INFO  com.solvd.autoservice.Main -  Wheel Radius - 15 
2021-44-31 20:44:53.815 [main] INFO  com.solvd.autoservice.Main -  Wheels R15 are in stock 
2021-44-31 20:44:53.815 [main] INFO  com.solvd.autoservice.Main -  BMW 
2021-44-31 20:44:53.816 [main] INFO  com.solvd.autoservice.Main - BMW
2021-44-31 20:44:53.816 [main] INFO  com.solvd.autoservice.Main -  Audi 
2021-44-31 20:44:53.816 [main] INFO  com.solvd.autoservice.Main -  American 
2021-44-31 20:44:53.816 [main] INFO  com.solvd.autoservice.Main - ASIA
2021-44-31 20:44:53.816 [main] INFO  com.solvd.autoservice.Main -  American USA
2021-44-31 20:44:53.816 [main] INFO  com.solvd.autoservice.Main -  American client 
2021-44-31 20:44:53.817 [main] INFO  com.solvd.autoservice.Main - [Detail{detailName='mirror'}, Detail{detailName='mirror2'}, Detail{detailName='wheel'}]
2021-44-31 20:44:53.817 [main] INFO  com.solvd.autoservice.Main - ID =  1 Regular Client Name = RegularClient{id=1, firstName='Artur', lastName='Hodyakov'}
2021-44-31 20:44:53.817 [main] INFO  com.solvd.autoservice.Main - ID =  2 Regular Client Name = RegularClient{id=2, firstName='John', lastName='Kapustin'}
2021-44-31 20:44:53.818 [main] INFO  com.solvd.autoservice.Main - ID =  3 Regular Client Name = RegularClient{id=3, firstName='David', lastName='Duhovny'}
2021-44-31 20:44:53.818 [main] INFO  com.solvd.autoservice.Main -  John should be displayed RegularClient{id=2, firstName='John', lastName='Kapustin'}
2021-44-31 20:44:53.818 [main] INFO  com.solvd.autoservice.Main -  Is empty false
2021-44-31 20:44:53.818 [main] INFO  com.solvd.autoservice.Main -  Map Size 3
2021-44-31 20:44:53.818 [main] INFO  com.solvd.autoservice.Main -  Map HashCode 120741952
2021-44-31 20:44:53.818 [main] INFO  com.solvd.autoservice.Main -  Linked List First Detail{detailName='wheel'}
2021-44-31 20:44:53.818 [main] INFO  com.solvd.autoservice.Main -  Linked List Last Detail{detailName='mirror2'}
2021-44-31 20:44:53.819 [main] INFO  com.solvd.autoservice.Main -  Client from TreeSet [com.solvd.autoservice.client.IndividualClient@5cdd8682, com.solvd.autoservice.client.IndividualClient@d6da883, com.solvd.autoservice.client.IndividualClient@45afc369, com.solvd.autoservice.client.IndividualClient@5cdd8682, com.solvd.autoservice.client.IndividualClient@5cdd8682, com.solvd.autoservice.client.IndividualClient@45afc369]
2021-44-31 20:44:53.819 [main] INFO  com.solvd.autoservice.Main - [Detail{detailName='mirror'}, Detail{detailName='mirror2'}, Detail{detailName='wheel'}]
2021-44-31 20:44:53.819 [main] INFO  com.solvd.autoservice.Main - 3
2021-44-31 20:44:53.819 [main] INFO  com.solvd.autoservice.Main - false
2021-44-31 20:44:53.819 [main] INFO  com.solvd.autoservice.Main - [ Vin Code yegfugiu3678765; CarBrand Mercedes CarModel S class w223,  Capacity Volume Body  null; CarBrand Gaz CarModel 66,  CarBrand Harley Davidson CarModel Iron 833]
2021-44-31 20:44:53.820 [main] INFO  com.solvd.autoservice.Main -  Vin Code yegfugiu3678765; CarBrand Mercedes CarModel S class w223
2021-44-31 20:44:53.821 [main] INFO  com.solvd.autoservice.Main -  Capacity Volume Body  null; CarBrand Gaz CarModel 66
2021-44-31 20:44:53.821 [main] INFO  com.solvd.autoservice.autoservice.Order -  List of details: 
 
2021-44-31 20:44:53.821 [main] INFO  com.solvd.autoservice.autoservice.Order -  Name mirror Price 233

2021-44-31 20:44:53.821 [main] INFO  com.solvd.autoservice.autoservice.Order -  Name mirror2 Price 233

2021-44-31 20:44:53.821 [main] INFO  com.solvd.autoservice.autoservice.Order -  Name wheel Price 100

2021-44-31 20:44:53.823 [main] INFO  com.solvd.autoservice.autoservice.AutoService -  Storage Number  0
2021-44-31 20:44:53.824 [main] INFO  com.solvd.autoservice.Main -  Get max speed minivan 180
2021-44-31 20:44:53.824 [main] INFO  com.solvd.autoservice.Main -  Get max speed minivan 200
2021-44-31 20:44:53.826 [main] INFO  com.solvd.autoservice.Main -  Order can be completed Sun Oct 31 22:44:53 MSK 2021
2021-44-31 20:44:53.826 [main] INFO  com.solvd.autoservice.Main -  Sum of the order 566
2021-44-31 20:44:53.826 [main] INFO  com.solvd.autoservice.Main -  Client size 6
2021-44-31 20:44:53.826 [main] INFO  com.solvd.autoservice.Main -  Details wheel mirror mirror2
2021-44-31 20:44:53.826 [main] INFO  com.solvd.autoservice.Main -  Will the order be completed?  true
2021-44-31 20:44:53.827 [main] INFO  com.solvd.autoservice.Main -  Wrong Storage number
2021-44-31 20:44:53.827 [main] INFO  com.solvd.autoservice.Main -  Finally 
2021-26-01 22:26:44.790 [main] INFO  com.solvd.autoservice.Main -  Radius 15 
2021-26-01 22:26:44.794 [main] INFO  com.solvd.autoservice.Main - R15
2021-26-01 22:26:44.795 [main] INFO  com.solvd.autoservice.Main - R15
2021-26-01 22:26:44.795 [main] INFO  com.solvd.autoservice.Main - R17
2021-26-01 22:26:44.796 [main] INFO  com.solvd.autoservice.Main - R15
2021-26-01 22:26:44.796 [main] INFO  com.solvd.autoservice.Main -  Wheel Radius - 15 
2021-26-01 22:26:44.798 [main] INFO  com.solvd.autoservice.Main -  Wheels R15 are in stock 
2021-26-01 22:26:44.799 [main] INFO  com.solvd.autoservice.Main -  BMW 
2021-26-01 22:26:44.799 [main] INFO  com.solvd.autoservice.Main - BMW
2021-26-01 22:26:44.800 [main] INFO  com.solvd.autoservice.Main -  Audi 
2021-26-01 22:26:44.801 [main] INFO  com.solvd.autoservice.Main -  American 
2021-26-01 22:26:44.801 [main] INFO  com.solvd.autoservice.Main - ASIA
2021-26-01 22:26:44.801 [main] INFO  com.solvd.autoservice.Main -  American USA
2021-26-01 22:26:44.801 [main] INFO  com.solvd.autoservice.Main -  American client 
2021-26-01 22:26:44.802 [main] INFO  com.solvd.autoservice.Main - [Detail{detailName='mirror'}, Detail{detailName='mirror2'}, Detail{detailName='wheel'}]
2021-26-01 22:26:44.804 [main] INFO  com.solvd.autoservice.Main - ID =  1 Regular Client Name = RegularClient{id=1, firstName='Artur', lastName='Hodyakov'}
2021-26-01 22:26:44.804 [main] INFO  com.solvd.autoservice.Main - ID =  2 Regular Client Name = RegularClient{id=2, firstName='John', lastName='Kapustin'}
2021-26-01 22:26:44.805 [main] INFO  com.solvd.autoservice.Main - ID =  3 Regular Client Name = RegularClient{id=3, firstName='David', lastName='Duhovny'}
2021-26-01 22:26:44.806 [main] INFO  com.solvd.autoservice.Main -  John should be displayed RegularClient{id=2, firstName='John', lastName='Kapustin'}
2021-26-01 22:26:44.807 [main] INFO  com.solvd.autoservice.Main -  Is empty false
2021-26-01 22:26:44.807 [main] INFO  com.solvd.autoservice.Main -  Map Size 3
2021-26-01 22:26:44.808 [main] INFO  com.solvd.autoservice.Main -  Map HashCode 120741952
2021-26-01 22:26:44.808 [main] INFO  com.solvd.autoservice.Main -  Linked List First Detail{detailName='wheel'}
2021-26-01 22:26:44.809 [main] INFO  com.solvd.autoservice.Main -  Linked List Last Detail{detailName='mirror2'}
2021-26-01 22:26:44.810 [main] INFO  com.solvd.autoservice.Main -  Client from TreeSet [com.solvd.autoservice.client.IndividualClient@5cdd8682, com.solvd.autoservice.client.IndividualClient@d6da883, com.solvd.autoservice.client.IndividualClient@45afc369, com.solvd.autoservice.client.IndividualClient@5cdd8682, com.solvd.autoservice.client.IndividualClient@5cdd8682, com.solvd.autoservice.client.IndividualClient@45afc369]
2021-26-01 22:26:44.810 [main] INFO  com.solvd.autoservice.Main - [Detail{detailName='mirror'}, Detail{detailName='mirror2'}, Detail{detailName='wheel'}]
2021-26-01 22:26:44.811 [main] INFO  com.solvd.autoservice.Main - 3
2021-26-01 22:26:44.811 [main] INFO  com.solvd.autoservice.Main - false
2021-26-01 22:26:44.812 [main] INFO  com.solvd.autoservice.Main - [ Vin Code yegfugiu3678765; CarBrand Mercedes CarModel S class w223,  Capacity Volume Body  null; CarBrand Gaz CarModel 66,  CarBrand Harley Davidson CarModel Iron 833]
2021-26-01 22:26:44.814 [main] INFO  com.solvd.autoservice.Main -  Vin Code yegfugiu3678765; CarBrand Mercedes CarModel S class w223
2021-26-01 22:26:44.814 [main] INFO  com.solvd.autoservice.Main -  Capacity Volume Body  null; CarBrand Gaz CarModel 66
2021-26-01 22:26:44.815 [main] INFO  com.solvd.autoservice.autoservice.Order -  List of details: 
 
2021-26-01 22:26:44.815 [main] INFO  com.solvd.autoservice.autoservice.Order -  Name mirror Price 233

2021-26-01 22:26:44.815 [main] INFO  com.solvd.autoservice.autoservice.Order -  Name mirror2 Price 233

2021-26-01 22:26:44.815 [main] INFO  com.solvd.autoservice.autoservice.Order -  Name wheel Price 100

2021-26-01 22:26:44.816 [main] INFO  com.solvd.autoservice.autoservice.AutoService -  Storage Number  0
2021-26-01 22:26:44.818 [main] INFO  com.solvd.autoservice.Main -  Get max speed minivan 180
2021-26-01 22:26:44.818 [main] INFO  com.solvd.autoservice.Main -  Get max speed minivan 200
2021-26-01 22:26:44.824 [main] INFO  com.solvd.autoservice.Main -  Order can be completed Tue Nov 02 00:26:44 MSK 2021
2021-26-01 22:26:44.824 [main] INFO  com.solvd.autoservice.Main -  Sum of the order 566
2021-26-01 22:26:44.824 [main] INFO  com.solvd.autoservice.Main -  Client size 6
2021-26-01 22:26:44.825 [main] INFO  com.solvd.autoservice.Main -  Details wheel mirror mirror2
2021-26-01 22:26:44.825 [main] INFO  com.solvd.autoservice.Main -  Will the order be completed?  true
2021-26-01 22:26:44.826 [main] INFO  com.solvd.autoservice.Main -  Wrong Storage number
2021-26-01 22:26:44.827 [main] INFO  com.solvd.autoservice.Main -  Finally 
2021-47-06 12:47:35.488 [main] INFO  com.solvd.autoservice.Main -  Radius 15 
2021-47-06 12:47:35.491 [main] INFO  com.solvd.autoservice.Main - R15
2021-47-06 12:47:35.491 [main] INFO  com.solvd.autoservice.Main - R15
2021-47-06 12:47:35.492 [main] INFO  com.solvd.autoservice.Main - R17
2021-47-06 12:47:35.492 [main] INFO  com.solvd.autoservice.Main - R15
2021-47-06 12:47:35.492 [main] INFO  com.solvd.autoservice.Main -  Wheel Radius - 15 
2021-47-06 12:47:35.493 [main] INFO  com.solvd.autoservice.Main -  Wheels R15 are in stock 
2021-47-06 12:47:35.494 [main] INFO  com.solvd.autoservice.Main -  BMW 
2021-47-06 12:47:35.494 [main] INFO  com.solvd.autoservice.Main - BMW
2021-47-06 12:47:35.494 [main] INFO  com.solvd.autoservice.Main -  Audi 
2021-47-06 12:47:35.495 [main] INFO  com.solvd.autoservice.Main -  American 
2021-47-06 12:47:35.495 [main] INFO  com.solvd.autoservice.Main - ASIA
2021-47-06 12:47:35.495 [main] INFO  com.solvd.autoservice.Main -  American USA
2021-47-06 12:47:35.495 [main] INFO  com.solvd.autoservice.Main -  American client 
2021-47-06 12:47:35.496 [main] INFO  com.solvd.autoservice.Main - [Detail{detailName='mirror'}, Detail{detailName='mirror2'}, Detail{detailName='wheel'}]
2021-47-06 12:47:35.496 [main] INFO  com.solvd.autoservice.Main - ID =  1 Regular Client Name = RegularClient{id=1, firstName='Artur', lastName='Hodyakov'}
2021-47-06 12:47:35.496 [main] INFO  com.solvd.autoservice.Main - ID =  2 Regular Client Name = RegularClient{id=2, firstName='John', lastName='Kapustin'}
2021-47-06 12:47:35.496 [main] INFO  com.solvd.autoservice.Main - ID =  3 Regular Client Name = RegularClient{id=3, firstName='David', lastName='Duhovny'}
2021-47-06 12:47:35.497 [main] INFO  com.solvd.autoservice.Main -  John should be displayed RegularClient{id=2, firstName='John', lastName='Kapustin'}
2021-47-06 12:47:35.497 [main] INFO  com.solvd.autoservice.Main -  Is empty false
2021-47-06 12:47:35.497 [main] INFO  com.solvd.autoservice.Main -  Map Size 3
2021-47-06 12:47:35.497 [main] INFO  com.solvd.autoservice.Main -  Map HashCode -860177577
2021-47-06 12:47:35.497 [main] INFO  com.solvd.autoservice.Main -  Linked List First Detail{detailName='wheel'}
2021-47-06 12:47:35.497 [main] INFO  com.solvd.autoservice.Main -  Linked List Last Detail{detailName='mirror2'}
2021-47-06 12:47:35.497 [main] INFO  com.solvd.autoservice.Main -  Client from TreeSet [com.solvd.autoservice.client.IndividualClient@49c43f4e, com.solvd.autoservice.client.IndividualClient@290dbf45, com.solvd.autoservice.client.IndividualClient@12028586, com.solvd.autoservice.client.IndividualClient@49c43f4e, com.solvd.autoservice.client.IndividualClient@49c43f4e, com.solvd.autoservice.client.IndividualClient@12028586]
2021-47-06 12:47:35.498 [main] INFO  com.solvd.autoservice.Main - [Detail{detailName='mirror'}, Detail{detailName='mirror2'}, Detail{detailName='wheel'}]
2021-47-06 12:47:35.498 [main] INFO  com.solvd.autoservice.Main - 3
2021-47-06 12:47:35.498 [main] INFO  com.solvd.autoservice.Main - false
2021-47-06 12:47:35.498 [main] INFO  com.solvd.autoservice.Main - [ Vin Code yegfugiu3678765; CarBrand Mercedes CarModel S class w223,  Capacity Volume Body  null; CarBrand Gaz CarModel 66,  CarBrand Harley Davidson CarModel Iron 833]
2021-47-06 12:47:35.499 [main] INFO  com.solvd.autoservice.Main - get Instancecom.solvd.autoservice.autoservice.StorageSingletone@2bbaf4f0
2021-47-06 12:47:35.500 [main] INFO  com.solvd.autoservice.Main -  Vin Code yegfugiu3678765; CarBrand Mercedes CarModel S class w223
2021-47-06 12:47:35.500 [main] INFO  com.solvd.autoservice.Main -  Capacity Volume Body  null; CarBrand Gaz CarModel 66
2021-47-06 12:47:35.500 [main] INFO  com.solvd.autoservice.autoservice.Order -  List of details: 
 
2021-47-06 12:47:35.500 [main] INFO  com.solvd.autoservice.autoservice.Order -  Name mirror Price 233

2021-47-06 12:47:35.501 [main] INFO  com.solvd.autoservice.autoservice.Order -  Name mirror2 Price 233

2021-47-06 12:47:35.501 [main] INFO  com.solvd.autoservice.autoservice.Order -  Name wheel Price 100

2021-47-06 12:47:35.501 [main] INFO  com.solvd.autoservice.autoservice.AutoService -  Storage Number  0
2021-47-06 12:47:35.502 [main] INFO  com.solvd.autoservice.Main -  Get max speed minivan 180
2021-47-06 12:47:35.502 [main] INFO  com.solvd.autoservice.Main -  Get max speed minivan 200
2021-47-06 12:47:35.506 [main] INFO  com.solvd.autoservice.Main -  Order can be completed Sat Nov 06 14:47:35 MSK 2021
2021-47-06 12:47:35.506 [main] INFO  com.solvd.autoservice.Main -  Sum of the order 566
2021-47-06 12:47:35.506 [main] INFO  com.solvd.autoservice.Main -  Client size 6
2021-47-06 12:47:35.506 [main] INFO  com.solvd.autoservice.Main -  Details wheel mirror mirror2
2021-47-06 12:47:35.506 [main] INFO  com.solvd.autoservice.Main -  Will the order be completed?  true
2021-47-06 12:47:35.507 [main] INFO  com.solvd.autoservice.Main -  Wrong Storage number
2021-47-06 12:47:35.509 [main] INFO  com.solvd.autoservice.Main -  Finally 
